#
# There is insufficient memory for the Java Runtime Environment to continue.
# Native memory allocation (malloc) failed to allocate 1208656 bytes for Chunk::new
# Possible reasons:
#   The system is out of physical RAM or swap space
#   The process is running with CompressedOops enabled, and the Java Heap may be blocking the growth of the native heap
# Possible solutions:
#   Reduce memory load on the system
#   Increase physical memory or swap space
#   Check if swap backing store is full
#   Decrease Java heap size (-Xmx/-Xms)
#   Decrease number of Java threads
#   Decrease Java thread stack sizes (-Xss)
#   Set larger code cache with -XX:ReservedCodeCacheSize=
#   JVM is running with Unscaled Compressed Oops mode in which the Java heap is
#     placed in the first 4GB address space. The Java Heap base address is the
#     maximum limit for the native heap growth. Please use -XX:HeapBaseMinAddress
#     to set the Java Heap base and to place the Java Heap above 4GB virtual address.
# This output file may be truncated or incomplete.
#
#  Out of Memory Error (./src/hotspot/share/memory/arena.cpp:197), pid=8872, tid=23488
#
# JRE version: OpenJDK Runtime Environment 18.9 (11.0.14.1+1) (build 11.0.14.1+1)
# Java VM: OpenJDK 64-Bit Server VM 18.9 (11.0.14.1+1, mixed mode, tiered, compressed oops, g1 gc, windows-amd64)
# No core dump will be written. Minidumps are not enabled by default on client versions of Windows
#

---------------  S U M M A R Y ------------

Command Line: -XX:MaxMetaspaceSize=512m --add-opens=java.base/java.util=ALL-UNNAMED --add-opens=java.base/java.lang=ALL-UNNAMED --add-opens=java.base/java.lang.invoke=ALL-UNNAMED --add-opens=java.base/java.util=ALL-UNNAMED --add-opens=java.prefs/java.util.prefs=ALL-UNNAMED --add-opens=java.prefs/java.util.prefs=ALL-UNNAMED --add-opens=java.base/java.nio.charset=ALL-UNNAMED --add-opens=java.base/java.net=ALL-UNNAMED --add-opens=java.base/java.util.concurrent.atomic=ALL-UNNAMED -Xmx2048m -Dfile.encoding=utf8 -Duser.country=IN -Duser.language=en -Duser.variant org.gradle.launcher.daemon.bootstrap.GradleDaemon 7.3.3

Host: 11th Gen Intel(R) Core(TM) i5-11300H @ 3.10GHz, 8 cores, 15G,  Windows 11 , 64 bit Build 22000 (10.0.22000.708)
Time: Tue Nov  8 11:30:27 2022 India Standard Time elapsed time: 5.857850 seconds (0d 0h 0m 5s)

---------------  T H R E A D  ---------------

Current thread (0x000002775a121000):  JavaThread "C2 CompilerThread2" daemon [_thread_in_native, id=23488, stack(0x00000085e1600000,0x00000085e1700000)]


Current CompileTask:
C2:   5857 3699       4       groovy.lang.MetaClassImpl$1MOPIter::methodNameAction (325 bytes)

Stack: [0x00000085e1600000,0x00000085e1700000]
Native frames: (J=compiled Java code, j=interpreted, Vv=VM code, C=native code)
V  [jvm.dll+0x619a2a]
V  [jvm.dll+0x756479]
V  [jvm.dll+0x757b68]
V  [jvm.dll+0x758243]
V  [jvm.dll+0x24d898]
V  [jvm.dll+0xc145c]
V  [jvm.dll+0xc1a1c]
V  [jvm.dll+0x356d07]
V  [jvm.dll+0x19ce79]
V  [jvm.dll+0x206d32]
V  [jvm.dll+0x205e0d]
V  [jvm.dll+0x187dd1]
V  [jvm.dll+0x215664]
V  [jvm.dll+0x2138ab]
V  [jvm.dll+0x719160]
V  [jvm.dll+0x7120c4]
V  [jvm.dll+0x618886]
C  [ucrtbase.dll+0x26c0c]
C  [KERNEL32.DLL+0x154e0]
C  [ntdll.dll+0x485b]


---------------  P R O C E S S  ---------------

Threads class SMR info:
_java_thread_list=0x000002775d8ac110, length=41, elements={
0x00000277374b6000, 0x0000027756df7000, 0x0000027756de7000, 0x0000027756e49800,
0x0000027756e4a800, 0x0000027756e4d800, 0x0000027756e4f800, 0x0000027756e54800,
0x0000027756e59000, 0x0000027756fc4800, 0x0000027758490000, 0x0000027759619800,
0x00000277586f8800, 0x00000277586d3800, 0x00000277590d2800, 0x0000027757082000,
0x0000027758fce800, 0x0000027759605800, 0x000002775754b800, 0x0000027759c47000,
0x0000027759c4c000, 0x0000027759c49800, 0x0000027759c47800, 0x0000027759c46000,
0x0000027759c4c800, 0x0000027759c48800, 0x0000027759c4a000, 0x0000027759c4b000,
0x000002775c8eb800, 0x000002775c8e7800, 0x000002775c8e9800, 0x000002775c8e8000,
0x000002775c8ea800, 0x000002775c8ec000, 0x000002775818f800, 0x000002775a121000,
0x000002775c8ee800, 0x000002775c8f4800, 0x000002775c8f2800, 0x000002775c8f0000,
0x000002775c8f5000
}

Java Threads: ( => current thread )
  0x00000277374b6000 JavaThread "main" [_thread_blocked, id=8144, stack(0x00000085de400000,0x00000085de500000)]
  0x0000027756df7000 JavaThread "Reference Handler" daemon [_thread_blocked, id=9764, stack(0x00000085deb00000,0x00000085dec00000)]
  0x0000027756de7000 JavaThread "Finalizer" daemon [_thread_blocked, id=16492, stack(0x00000085dec00000,0x00000085ded00000)]
  0x0000027756e49800 JavaThread "Signal Dispatcher" daemon [_thread_blocked, id=13200, stack(0x00000085ded00000,0x00000085dee00000)]
  0x0000027756e4a800 JavaThread "Attach Listener" daemon [_thread_blocked, id=16452, stack(0x00000085dee00000,0x00000085def00000)]
  0x0000027756e4d800 JavaThread "Service Thread" daemon [_thread_blocked, id=8552, stack(0x00000085def00000,0x00000085df000000)]
  0x0000027756e4f800 JavaThread "C2 CompilerThread0" daemon [_thread_in_native, id=16756, stack(0x00000085df000000,0x00000085df100000)]
  0x0000027756e54800 JavaThread "C1 CompilerThread0" daemon [_thread_blocked, id=18096, stack(0x00000085df100000,0x00000085df200000)]
  0x0000027756e59000 JavaThread "Sweeper thread" daemon [_thread_blocked, id=23080, stack(0x00000085df200000,0x00000085df300000)]
  0x0000027756fc4800 JavaThread "Common-Cleaner" daemon [_thread_blocked, id=17056, stack(0x00000085df300000,0x00000085df400000)]
  0x0000027758490000 JavaThread "Daemon health stats" [_thread_blocked, id=10512, stack(0x00000085dfc00000,0x00000085dfd00000)]
  0x0000027759619800 JavaThread "Incoming local TCP Connector on port 60628" [_thread_in_native, id=20848, stack(0x00000085dfd00000,0x00000085dfe00000)]
  0x00000277586f8800 JavaThread "Daemon periodic checks" [_thread_blocked, id=2424, stack(0x00000085dfe00000,0x00000085dff00000)]
  0x00000277586d3800 JavaThread "Daemon" [_thread_blocked, id=4732, stack(0x00000085dff00000,0x00000085e0000000)]
  0x00000277590d2800 JavaThread "Handler for socket connection from /127.0.0.1:60628 to /127.0.0.1:60629" [_thread_in_native, id=3228, stack(0x00000085e0000000,0x00000085e0100000)]
  0x0000027757082000 JavaThread "Cancel handler" [_thread_blocked, id=23012, stack(0x00000085df500000,0x00000085df600000)]
  0x0000027758fce800 JavaThread "Daemon worker" [_thread_in_Java, id=11644, stack(0x00000085df600000,0x00000085df700000)]
  0x0000027759605800 JavaThread "Asynchronous log dispatcher for DefaultDaemonConnection: socket connection from /127.0.0.1:60628 to /127.0.0.1:60629" [_thread_blocked, id=20492, stack(0x00000085e0100000,0x00000085e0200000)]
  0x000002775754b800 JavaThread "Stdin handler" [_thread_blocked, id=15248, stack(0x00000085e0200000,0x00000085e0300000)]
  0x0000027759c47000 JavaThread "Daemon client event forwarder" [_thread_blocked, id=15432, stack(0x00000085e0300000,0x00000085e0400000)]
  0x0000027759c4c000 JavaThread "Cache worker for journal cache (C:\Users\manik\.gradle\caches\journal-1)" [_thread_blocked, id=17560, stack(0x00000085e0400000,0x00000085e0500000)]
  0x0000027759c49800 JavaThread "File lock request listener" [_thread_in_native, id=17208, stack(0x00000085e0500000,0x00000085e0600000)]
  0x0000027759c47800 JavaThread "Cache worker for file hash cache (C:\Users\manik\.gradle\caches\7.3.3\fileHashes)" [_thread_blocked, id=9980, stack(0x00000085e0900000,0x00000085e0a00000)]
  0x0000027759c46000 JavaThread "Cache worker for file hash cache (D:\ReactApps\test_apps\subsetApp\android\.gradle\7.3.3\fileHashes)" [_thread_blocked, id=19828, stack(0x00000085e0b00000,0x00000085e0c00000)]
  0x0000027759c4c800 JavaThread "File watcher server" daemon [_thread_in_native, id=9828, stack(0x00000085e0d00000,0x00000085e0e00000)]
  0x0000027759c48800 JavaThread "File watcher consumer" daemon [_thread_blocked, id=22400, stack(0x00000085e0e00000,0x00000085e0f00000)]
  0x0000027759c4a000 JavaThread "jar transforms" [_thread_blocked, id=11248, stack(0x00000085e0f00000,0x00000085e1000000)]
  0x0000027759c4b000 JavaThread "jar transforms Thread 2" [_thread_blocked, id=10960, stack(0x00000085e1000000,0x00000085e1100000)]
  0x000002775c8eb800 JavaThread "Cache worker for checksums cache (D:\ReactApps\test_apps\subsetApp\android\.gradle\7.3.3\checksums)" [_thread_blocked, id=23060, stack(0x00000085e1100000,0x00000085e1200000)]
  0x000002775c8e7800 JavaThread "Cache worker for cache directory md-supplier (C:\Users\manik\.gradle\caches\7.3.3\md-supplier)" [_thread_blocked, id=13676, stack(0x00000085e1200000,0x00000085e1300000)]
  0x000002775c8e9800 JavaThread "Cache worker for cache directory md-rule (C:\Users\manik\.gradle\caches\7.3.3\md-rule)" [_thread_blocked, id=20256, stack(0x00000085e1300000,0x00000085e1400000)]
  0x000002775c8e8000 JavaThread "Cache worker for execution history cache (C:\Users\manik\.gradle\caches\7.3.3\executionHistory)" [_thread_blocked, id=17840, stack(0x00000085e1400000,0x00000085e1500000)]
  0x000002775c8ea800 JavaThread "jar transforms Thread 3" [_thread_blocked, id=20636, stack(0x00000085e0a00000,0x00000085e0b00000)]
  0x000002775c8ec000 JavaThread "jar transforms Thread 4" [_thread_blocked, id=7932, stack(0x00000085e0c00000,0x00000085e0d00000)]
  0x000002775818f800 JavaThread "C2 CompilerThread1" daemon [_thread_in_native, id=18792, stack(0x00000085e1500000,0x00000085e1600000)]
=>0x000002775a121000 JavaThread "C2 CompilerThread2" daemon [_thread_in_native, id=23488, stack(0x00000085e1600000,0x00000085e1700000)]
  0x000002775c8ee800 JavaThread "Cache worker for file content cache (C:\Users\manik\.gradle\caches\7.3.3\fileContent)" [_thread_blocked, id=20660, stack(0x00000085e1700000,0x00000085e1800000)]
  0x000002775c8f4800 JavaThread "jar transforms Thread 5" [_thread_blocked, id=10416, stack(0x00000085e1800000,0x00000085e1900000)]
  0x000002775c8f2800 JavaThread "jar transforms Thread 6" [_thread_blocked, id=15612, stack(0x00000085e1900000,0x00000085e1a00000)]
  0x000002775c8f0000 JavaThread "jar transforms Thread 7" [_thread_blocked, id=11284, stack(0x00000085e1a00000,0x00000085e1b00000)]
  0x000002775c8f5000 JavaThread "jar transforms Thread 8" [_thread_blocked, id=2904, stack(0x00000085e1b00000,0x00000085e1c00000)]

Other Threads:
  0x0000027756de2800 VMThread "VM Thread" [stack: 0x00000085dea00000,0x00000085deb00000] [id=20024]
  0x0000027756ffa000 WatcherThread [stack: 0x00000085df400000,0x00000085df500000] [id=2668]
  0x000002773543c000 GCTaskThread "GC Thread#0" [stack: 0x00000085de500000,0x00000085de600000] [id=10936]
  0x0000027757618800 GCTaskThread "GC Thread#1" [stack: 0x00000085df700000,0x00000085df800000] [id=22456]
  0x0000027758340000 GCTaskThread "GC Thread#2" [stack: 0x00000085df800000,0x00000085df900000] [id=20652]
  0x0000027758171000 GCTaskThread "GC Thread#3" [stack: 0x00000085df900000,0x00000085dfa00000] [id=12708]
  0x0000027757e77000 GCTaskThread "GC Thread#4" [stack: 0x00000085dfa00000,0x00000085dfb00000] [id=22104]
  0x0000027757b73000 GCTaskThread "GC Thread#5" [stack: 0x00000085dfb00000,0x00000085dfc00000] [id=11696]
  0x0000027758538800 GCTaskThread "GC Thread#6" [stack: 0x00000085e0600000,0x00000085e0700000] [id=19980]
  0x000002775a1d1000 GCTaskThread "GC Thread#7" [stack: 0x00000085e0700000,0x00000085e0800000] [id=20620]
  0x00000277374f9000 ConcurrentGCThread "G1 Main Marker" [stack: 0x00000085de600000,0x00000085de700000] [id=19064]
  0x00000277374fb000 ConcurrentGCThread "G1 Conc#0" [stack: 0x00000085de700000,0x00000085de800000] [id=18196]
  0x0000027758014800 ConcurrentGCThread "G1 Conc#1" [stack: 0x00000085e0800000,0x00000085e0900000] [id=12900]
  0x000002773757e000 ConcurrentGCThread "G1 Refine#0" [stack: 0x00000085de800000,0x00000085de900000] [id=16424]
  0x000002775644e800 ConcurrentGCThread "G1 Young RemSet Sampling" [stack: 0x00000085de900000,0x00000085dea00000] [id=6724]

Threads with active compile tasks:
C2 CompilerThread0   5876 3761       4       org.codehaus.groovy.runtime.metaclass.MetaMethodIndex::isMatchingMethod (61 bytes)
C1 CompilerThread0   5876 3844       3       org.gradle.cache.internal.btree.BlockPointer::hashCode (8 bytes)
C2 CompilerThread1   5876 3662       4       org.codehaus.groovy.runtime.metaclass.MetaMethodIndex::addMethodToList (131 bytes)
C2 CompilerThread2   5876 3699       4       groovy.lang.MetaClassImpl$1MOPIter::methodNameAction (325 bytes)

VM state:not at safepoint (normal execution)

VM Mutex/Monitor currently owned by a thread:  ([mutex/lock_event])
[0x00000277374b1d60] CodeCache_lock - owner thread: 0x0000027756e54800

Heap address: 0x0000000080000000, size: 2048 MB, Compressed Oops mode: 32-bit
Narrow klass base: 0x0000000000000000, Narrow klass shift: 3
Compressed class space size: 528482304 Address: 0x0000000100000000

Heap:
 garbage-first heap   total 260096K, used 88532K [0x0000000080000000, 0x0000000100000000)
  region size 1024K, 70 young (71680K), 7 survivors (7168K)
 Metaspace       used 42710K, capacity 43839K, committed 44032K, reserved 555008K
  class space    used 5360K, capacity 5768K, committed 5888K, reserved 516096K
Heap Regions: E=young(eden), S=young(survivor), O=old, HS=humongous(starts), HC=humongous(continues), CS=collection set, F=free, A=archive, TAMS=top-at-mark-start (previous, next)
|   0|0x0000000080000000, 0x0000000080100000, 0x0000000080100000|100%| O|  |TAMS 0x0000000080100000, 0x0000000080000000| Untracked 
|   1|0x0000000080100000, 0x0000000080200000, 0x0000000080200000|100%| O|  |TAMS 0x0000000080200000, 0x0000000080100000| Untracked 
|   2|0x0000000080200000, 0x0000000080300000, 0x0000000080300000|100%| O|  |TAMS 0x0000000080300000, 0x0000000080200000| Untracked 
|   3|0x0000000080300000, 0x0000000080400000, 0x0000000080400000|100%|HS|  |TAMS 0x0000000080400000, 0x0000000080300000| Complete 
|   4|0x0000000080400000, 0x0000000080500000, 0x0000000080500000|100%|HC|  |TAMS 0x0000000080500000, 0x0000000080400000| Complete 
|   5|0x0000000080500000, 0x0000000080600000, 0x0000000080600000|100%|HC|  |TAMS 0x0000000080600000, 0x0000000080500000| Complete 
|   6|0x0000000080600000, 0x0000000080700000, 0x0000000080700000|100%| O|  |TAMS 0x0000000080700000, 0x0000000080600000| Untracked 
|   7|0x0000000080700000, 0x0000000080800000, 0x0000000080800000|100%| O|  |TAMS 0x0000000080800000, 0x0000000080700000| Untracked 
|   8|0x0000000080800000, 0x0000000080900000, 0x0000000080900000|100%| O|  |TAMS 0x0000000080900000, 0x0000000080800000| Untracked 
|   9|0x0000000080900000, 0x0000000080a00000, 0x0000000080a00000|100%| O|  |TAMS 0x0000000080a00000, 0x0000000080900000| Untracked 
|  10|0x0000000080a00000, 0x0000000080b00000, 0x0000000080b00000|100%| O|  |TAMS 0x0000000080b00000, 0x0000000080a00000| Untracked 
|  11|0x0000000080b00000, 0x0000000080c00000, 0x0000000080c00000|100%| O|  |TAMS 0x0000000080c00000, 0x0000000080b00000| Untracked 
|  12|0x0000000080c00000, 0x0000000080d00000, 0x0000000080d00000|100%| O|  |TAMS 0x0000000080d00000, 0x0000000080c00000| Untracked 
|  13|0x0000000080d00000, 0x0000000080e00000, 0x0000000080e00000|100%| O|  |TAMS 0x0000000080e00000, 0x0000000080d00000| Untracked 
|  14|0x0000000080e00000, 0x0000000080f00000, 0x0000000080f00000|100%| O|  |TAMS 0x0000000080f00000, 0x0000000080e00000| Untracked 
|  15|0x0000000080f00000, 0x0000000081000000, 0x0000000081000000|100%| O|  |TAMS 0x0000000081000000, 0x0000000080f00000| Untracked 
|  16|0x0000000081000000, 0x000000008101d000, 0x0000000081100000| 11%| O|  |TAMS 0x000000008101d000, 0x0000000081000000| Untracked 
|  17|0x0000000081100000, 0x0000000081200000, 0x0000000081200000|100%|HS|  |TAMS 0x0000000081100000, 0x0000000081100000| Complete 
|  18|0x0000000081200000, 0x0000000081300000, 0x0000000081300000|100%|HS|  |TAMS 0x0000000081200000, 0x0000000081200000| Complete 
|  19|0x0000000081300000, 0x0000000081400000, 0x0000000081400000|100%|HC|  |TAMS 0x0000000081300000, 0x0000000081300000| Complete 
|  20|0x0000000081400000, 0x0000000081400000, 0x0000000081500000|  0%| F|  |TAMS 0x0000000081400000, 0x0000000081400000| Untracked 
|  21|0x0000000081500000, 0x0000000081500000, 0x0000000081600000|  0%| F|  |TAMS 0x0000000081500000, 0x0000000081500000| Untracked 
|  22|0x0000000081600000, 0x0000000081600000, 0x0000000081700000|  0%| F|  |TAMS 0x0000000081600000, 0x0000000081600000| Untracked 
|  23|0x0000000081700000, 0x0000000081700000, 0x0000000081800000|  0%| F|  |TAMS 0x0000000081700000, 0x0000000081700000| Untracked 
|  24|0x0000000081800000, 0x0000000081800000, 0x0000000081900000|  0%| F|  |TAMS 0x0000000081800000, 0x0000000081800000| Untracked 
|  25|0x0000000081900000, 0x0000000081900000, 0x0000000081a00000|  0%| F|  |TAMS 0x0000000081900000, 0x0000000081900000| Untracked 
|  26|0x0000000081a00000, 0x0000000081a00000, 0x0000000081b00000|  0%| F|  |TAMS 0x0000000081a00000, 0x0000000081a00000| Untracked 
|  27|0x0000000081b00000, 0x0000000081b00000, 0x0000000081c00000|  0%| F|  |TAMS 0x0000000081b00000, 0x0000000081b00000| Untracked 
|  28|0x0000000081c00000, 0x0000000081c00000, 0x0000000081d00000|  0%| F|  |TAMS 0x0000000081c00000, 0x0000000081c00000| Untracked 
|  29|0x0000000081d00000, 0x0000000081d00000, 0x0000000081e00000|  0%| F|  |TAMS 0x0000000081d00000, 0x0000000081d00000| Untracked 
|  30|0x0000000081e00000, 0x0000000081e00000, 0x0000000081f00000|  0%| F|  |TAMS 0x0000000081e00000, 0x0000000081e00000| Untracked 
|  31|0x0000000081f00000, 0x0000000081f00000, 0x0000000082000000|  0%| F|  |TAMS 0x0000000081f00000, 0x0000000081f00000| Untracked 
|  32|0x0000000082000000, 0x0000000082000000, 0x0000000082100000|  0%| F|  |TAMS 0x0000000082000000, 0x0000000082000000| Untracked 
|  33|0x0000000082100000, 0x0000000082100000, 0x0000000082200000|  0%| F|  |TAMS 0x0000000082100000, 0x0000000082100000| Untracked 
|  34|0x0000000082200000, 0x0000000082200000, 0x0000000082300000|  0%| F|  |TAMS 0x0000000082200000, 0x0000000082200000| Untracked 
|  35|0x0000000082300000, 0x0000000082300000, 0x0000000082400000|  0%| F|  |TAMS 0x0000000082300000, 0x0000000082300000| Untracked 
|  36|0x0000000082400000, 0x0000000082400000, 0x0000000082500000|  0%| F|  |TAMS 0x0000000082400000, 0x0000000082400000| Untracked 
|  37|0x0000000082500000, 0x0000000082500000, 0x0000000082600000|  0%| F|  |TAMS 0x0000000082500000, 0x0000000082500000| Untracked 
|  38|0x0000000082600000, 0x0000000082600000, 0x0000000082700000|  0%| F|  |TAMS 0x0000000082600000, 0x0000000082600000| Untracked 
|  39|0x0000000082700000, 0x0000000082700000, 0x0000000082800000|  0%| F|  |TAMS 0x0000000082700000, 0x0000000082700000| Untracked 
|  40|0x0000000082800000, 0x0000000082800000, 0x0000000082900000|  0%| F|  |TAMS 0x0000000082800000, 0x0000000082800000| Untracked 
|  41|0x0000000082900000, 0x0000000082900000, 0x0000000082a00000|  0%| F|  |TAMS 0x0000000082900000, 0x0000000082900000| Untracked 
|  42|0x0000000082a00000, 0x0000000082a00000, 0x0000000082b00000|  0%| F|  |TAMS 0x0000000082a00000, 0x0000000082a00000| Untracked 
|  43|0x0000000082b00000, 0x0000000082b00000, 0x0000000082c00000|  0%| F|  |TAMS 0x0000000082b00000, 0x0000000082b00000| Untracked 
|  44|0x0000000082c00000, 0x0000000082c00000, 0x0000000082d00000|  0%| F|  |TAMS 0x0000000082c00000, 0x0000000082c00000| Untracked 
|  45|0x0000000082d00000, 0x0000000082d00000, 0x0000000082e00000|  0%| F|  |TAMS 0x0000000082d00000, 0x0000000082d00000| Untracked 
|  46|0x0000000082e00000, 0x0000000082e00000, 0x0000000082f00000|  0%| F|  |TAMS 0x0000000082e00000, 0x0000000082e00000| Untracked 
|  47|0x0000000082f00000, 0x0000000082f00000, 0x0000000083000000|  0%| F|  |TAMS 0x0000000082f00000, 0x0000000082f00000| Untracked 
|  48|0x0000000083000000, 0x0000000083000000, 0x0000000083100000|  0%| F|  |TAMS 0x0000000083000000, 0x0000000083000000| Untracked 
|  49|0x0000000083100000, 0x0000000083100000, 0x0000000083200000|  0%| F|  |TAMS 0x0000000083100000, 0x0000000083100000| Untracked 
|  50|0x0000000083200000, 0x0000000083200000, 0x0000000083300000|  0%| F|  |TAMS 0x0000000083200000, 0x0000000083200000| Untracked 
|  51|0x0000000083300000, 0x0000000083300000, 0x0000000083400000|  0%| F|  |TAMS 0x0000000083300000, 0x0000000083300000| Untracked 
|  52|0x0000000083400000, 0x0000000083400000, 0x0000000083500000|  0%| F|  |TAMS 0x0000000083400000, 0x0000000083400000| Untracked 
|  53|0x0000000083500000, 0x0000000083500000, 0x0000000083600000|  0%| F|  |TAMS 0x0000000083500000, 0x0000000083500000| Untracked 
|  54|0x0000000083600000, 0x0000000083600000, 0x0000000083700000|  0%| F|  |TAMS 0x0000000083600000, 0x0000000083600000| Untracked 
|  55|0x0000000083700000, 0x0000000083700000, 0x0000000083800000|  0%| F|  |TAMS 0x0000000083700000, 0x0000000083700000| Untracked 
|  56|0x0000000083800000, 0x0000000083800000, 0x0000000083900000|  0%| F|  |TAMS 0x0000000083800000, 0x0000000083800000| Untracked 
|  57|0x0000000083900000, 0x0000000083900000, 0x0000000083a00000|  0%| F|  |TAMS 0x0000000083900000, 0x0000000083900000| Untracked 
|  58|0x0000000083a00000, 0x0000000083a00000, 0x0000000083b00000|  0%| F|  |TAMS 0x0000000083a00000, 0x0000000083a00000| Untracked 
|  59|0x0000000083b00000, 0x0000000083b00000, 0x0000000083c00000|  0%| F|  |TAMS 0x0000000083b00000, 0x0000000083b00000| Untracked 
|  60|0x0000000083c00000, 0x0000000083c00000, 0x0000000083d00000|  0%| F|  |TAMS 0x0000000083c00000, 0x0000000083c00000| Untracked 
|  61|0x0000000083d00000, 0x0000000083d00000, 0x0000000083e00000|  0%| F|  |TAMS 0x0000000083d00000, 0x0000000083d00000| Untracked 
|  62|0x0000000083e00000, 0x0000000083e00000, 0x0000000083f00000|  0%| F|  |TAMS 0x0000000083e00000, 0x0000000083e00000| Untracked 
|  63|0x0000000083f00000, 0x0000000083f00000, 0x0000000084000000|  0%| F|  |TAMS 0x0000000083f00000, 0x0000000083f00000| Untracked 
|  64|0x0000000084000000, 0x0000000084000000, 0x0000000084100000|  0%| F|  |TAMS 0x0000000084000000, 0x0000000084000000| Untracked 
|  65|0x0000000084100000, 0x0000000084100000, 0x0000000084200000|  0%| F|  |TAMS 0x0000000084100000, 0x0000000084100000| Untracked 
|  66|0x0000000084200000, 0x0000000084200000, 0x0000000084300000|  0%| F|  |TAMS 0x0000000084200000, 0x0000000084200000| Untracked 
|  67|0x0000000084300000, 0x0000000084300000, 0x0000000084400000|  0%| F|  |TAMS 0x0000000084300000, 0x0000000084300000| Untracked 
|  68|0x0000000084400000, 0x0000000084400000, 0x0000000084500000|  0%| F|  |TAMS 0x0000000084400000, 0x0000000084400000| Untracked 
|  69|0x0000000084500000, 0x0000000084500000, 0x0000000084600000|  0%| F|  |TAMS 0x0000000084500000, 0x0000000084500000| Untracked 
|  70|0x0000000084600000, 0x0000000084600000, 0x0000000084700000|  0%| F|  |TAMS 0x0000000084600000, 0x0000000084600000| Untracked 
|  71|0x0000000084700000, 0x0000000084700000, 0x0000000084800000|  0%| F|  |TAMS 0x0000000084700000, 0x0000000084700000| Untracked 
|  72|0x0000000084800000, 0x0000000084800000, 0x0000000084900000|  0%| F|  |TAMS 0x0000000084800000, 0x0000000084800000| Untracked 
|  73|0x0000000084900000, 0x0000000084900000, 0x0000000084a00000|  0%| F|  |TAMS 0x0000000084900000, 0x0000000084900000| Untracked 
|  74|0x0000000084a00000, 0x0000000084a00000, 0x0000000084b00000|  0%| F|  |TAMS 0x0000000084a00000, 0x0000000084a00000| Untracked 
|  75|0x0000000084b00000, 0x0000000084b00000, 0x0000000084c00000|  0%| F|  |TAMS 0x0000000084b00000, 0x0000000084b00000| Untracked 
|  76|0x0000000084c00000, 0x0000000084c00000, 0x0000000084d00000|  0%| F|  |TAMS 0x0000000084c00000, 0x0000000084c00000| Untracked 
|  77|0x0000000084d00000, 0x0000000084d00000, 0x0000000084e00000|  0%| F|  |TAMS 0x0000000084d00000, 0x0000000084d00000| Untracked 
|  78|0x0000000084e00000, 0x0000000084e00000, 0x0000000084f00000|  0%| F|  |TAMS 0x0000000084e00000, 0x0000000084e00000| Untracked 
|  79|0x0000000084f00000, 0x0000000084f00000, 0x0000000085000000|  0%| F|  |TAMS 0x0000000084f00000, 0x0000000084f00000| Untracked 
|  80|0x0000000085000000, 0x0000000085000000, 0x0000000085100000|  0%| F|  |TAMS 0x0000000085000000, 0x0000000085000000| Untracked 
|  81|0x0000000085100000, 0x0000000085100000, 0x0000000085200000|  0%| F|  |TAMS 0x0000000085100000, 0x0000000085100000| Untracked 
|  82|0x0000000085200000, 0x0000000085200000, 0x0000000085300000|  0%| F|  |TAMS 0x0000000085200000, 0x0000000085200000| Untracked 
|  83|0x0000000085300000, 0x0000000085300000, 0x0000000085400000|  0%| F|  |TAMS 0x0000000085300000, 0x0000000085300000| Untracked 
|  84|0x0000000085400000, 0x0000000085400000, 0x0000000085500000|  0%| F|  |TAMS 0x0000000085400000, 0x0000000085400000| Untracked 
|  85|0x0000000085500000, 0x0000000085500000, 0x0000000085600000|  0%| F|  |TAMS 0x0000000085500000, 0x0000000085500000| Untracked 
|  86|0x0000000085600000, 0x0000000085600000, 0x0000000085700000|  0%| F|  |TAMS 0x0000000085600000, 0x0000000085600000| Untracked 
|  87|0x0000000085700000, 0x0000000085700000, 0x0000000085800000|  0%| F|  |TAMS 0x0000000085700000, 0x0000000085700000| Untracked 
|  88|0x0000000085800000, 0x0000000085800000, 0x0000000085900000|  0%| F|  |TAMS 0x0000000085800000, 0x0000000085800000| Untracked 
|  89|0x0000000085900000, 0x0000000085900000, 0x0000000085a00000|  0%| F|  |TAMS 0x0000000085900000, 0x0000000085900000| Untracked 
|  90|0x0000000085a00000, 0x0000000085a00000, 0x0000000085b00000|  0%| F|  |TAMS 0x0000000085a00000, 0x0000000085a00000| Untracked 
|  91|0x0000000085b00000, 0x0000000085b00000, 0x0000000085c00000|  0%| F|  |TAMS 0x0000000085b00000, 0x0000000085b00000| Untracked 
|  92|0x0000000085c00000, 0x0000000085c00000, 0x0000000085d00000|  0%| F|  |TAMS 0x0000000085c00000, 0x0000000085c00000| Untracked 
|  93|0x0000000085d00000, 0x0000000085d00000, 0x0000000085e00000|  0%| F|  |TAMS 0x0000000085d00000, 0x0000000085d00000| Untracked 
|  94|0x0000000085e00000, 0x0000000085e00000, 0x0000000085f00000|  0%| F|  |TAMS 0x0000000085e00000, 0x0000000085e00000| Untracked 
|  95|0x0000000085f00000, 0x0000000085f00000, 0x0000000086000000|  0%| F|  |TAMS 0x0000000085f00000, 0x0000000085f00000| Untracked 
|  96|0x0000000086000000, 0x0000000086000000, 0x0000000086100000|  0%| F|  |TAMS 0x0000000086000000, 0x0000000086000000| Untracked 
|  97|0x0000000086100000, 0x0000000086100000, 0x0000000086200000|  0%| F|  |TAMS 0x0000000086100000, 0x0000000086100000| Untracked 
|  98|0x0000000086200000, 0x0000000086200000, 0x0000000086300000|  0%| F|  |TAMS 0x0000000086200000, 0x0000000086200000| Untracked 
|  99|0x0000000086300000, 0x0000000086300000, 0x0000000086400000|  0%| F|  |TAMS 0x0000000086300000, 0x0000000086300000| Untracked 
| 100|0x0000000086400000, 0x0000000086400000, 0x0000000086500000|  0%| F|  |TAMS 0x0000000086400000, 0x0000000086400000| Untracked 
| 101|0x0000000086500000, 0x0000000086500000, 0x0000000086600000|  0%| F|  |TAMS 0x0000000086500000, 0x0000000086500000| Untracked 
| 102|0x0000000086600000, 0x0000000086600000, 0x0000000086700000|  0%| F|  |TAMS 0x0000000086600000, 0x0000000086600000| Untracked 
| 103|0x0000000086700000, 0x0000000086700000, 0x0000000086800000|  0%| F|  |TAMS 0x0000000086700000, 0x0000000086700000| Untracked 
| 104|0x0000000086800000, 0x0000000086800000, 0x0000000086900000|  0%| F|  |TAMS 0x0000000086800000, 0x0000000086800000| Untracked 
| 105|0x0000000086900000, 0x0000000086900000, 0x0000000086a00000|  0%| F|  |TAMS 0x0000000086900000, 0x0000000086900000| Untracked 
| 106|0x0000000086a00000, 0x0000000086a00000, 0x0000000086b00000|  0%| F|  |TAMS 0x0000000086a00000, 0x0000000086a00000| Untracked 
| 107|0x0000000086b00000, 0x0000000086b00000, 0x0000000086c00000|  0%| F|  |TAMS 0x0000000086b00000, 0x0000000086b00000| Untracked 
| 108|0x0000000086c00000, 0x0000000086c00000, 0x0000000086d00000|  0%| F|  |TAMS 0x0000000086c00000, 0x0000000086c00000| Untracked 
| 109|0x0000000086d00000, 0x0000000086d00000, 0x0000000086e00000|  0%| F|  |TAMS 0x0000000086d00000, 0x0000000086d00000| Untracked 
| 110|0x0000000086e00000, 0x0000000086e00000, 0x0000000086f00000|  0%| F|  |TAMS 0x0000000086e00000, 0x0000000086e00000| Untracked 
| 111|0x0000000086f00000, 0x0000000086f00000, 0x0000000087000000|  0%| F|  |TAMS 0x0000000086f00000, 0x0000000086f00000| Untracked 
| 112|0x0000000087000000, 0x0000000087000000, 0x0000000087100000|  0%| F|  |TAMS 0x0000000087000000, 0x0000000087000000| Untracked 
| 113|0x0000000087100000, 0x0000000087100000, 0x0000000087200000|  0%| F|  |TAMS 0x0000000087100000, 0x0000000087100000| Untracked 
| 114|0x0000000087200000, 0x0000000087200000, 0x0000000087300000|  0%| F|  |TAMS 0x0000000087200000, 0x0000000087200000| Untracked 
| 115|0x0000000087300000, 0x0000000087300000, 0x0000000087400000|  0%| F|  |TAMS 0x0000000087300000, 0x0000000087300000| Untracked 
| 116|0x0000000087400000, 0x0000000087400000, 0x0000000087500000|  0%| F|  |TAMS 0x0000000087400000, 0x0000000087400000| Untracked 
| 117|0x0000000087500000, 0x0000000087500000, 0x0000000087600000|  0%| F|  |TAMS 0x0000000087500000, 0x0000000087500000| Untracked 
| 118|0x0000000087600000, 0x0000000087600000, 0x0000000087700000|  0%| F|  |TAMS 0x0000000087600000, 0x0000000087600000| Untracked 
| 119|0x0000000087700000, 0x0000000087700000, 0x0000000087800000|  0%| F|  |TAMS 0x0000000087700000, 0x0000000087700000| Untracked 
| 120|0x0000000087800000, 0x0000000087800000, 0x0000000087900000|  0%| F|  |TAMS 0x0000000087800000, 0x0000000087800000| Untracked 
| 121|0x0000000087900000, 0x0000000087900000, 0x0000000087a00000|  0%| F|  |TAMS 0x0000000087900000, 0x0000000087900000| Untracked 
| 122|0x0000000087a00000, 0x0000000087a00000, 0x0000000087b00000|  0%| F|  |TAMS 0x0000000087a00000, 0x0000000087a00000| Untracked 
| 123|0x0000000087b00000, 0x0000000087b00000, 0x0000000087c00000|  0%| F|  |TAMS 0x0000000087b00000, 0x0000000087b00000| Untracked 
| 124|0x0000000087c00000, 0x0000000087c00000, 0x0000000087d00000|  0%| F|  |TAMS 0x0000000087c00000, 0x0000000087c00000| Untracked 
| 125|0x0000000087d00000, 0x0000000087d00000, 0x0000000087e00000|  0%| F|  |TAMS 0x0000000087d00000, 0x0000000087d00000| Untracked 
| 126|0x0000000087e00000, 0x0000000087e00000, 0x0000000087f00000|  0%| F|  |TAMS 0x0000000087e00000, 0x0000000087e00000| Untracked 
| 127|0x0000000087f00000, 0x0000000087f00000, 0x0000000088000000|  0%| F|  |TAMS 0x0000000087f00000, 0x0000000087f00000| Untracked 
| 128|0x0000000088000000, 0x0000000088000000, 0x0000000088100000|  0%| F|  |TAMS 0x0000000088000000, 0x0000000088000000| Untracked 
| 129|0x0000000088100000, 0x0000000088100000, 0x0000000088200000|  0%| F|  |TAMS 0x0000000088100000, 0x0000000088100000| Untracked 
| 130|0x0000000088200000, 0x0000000088200000, 0x0000000088300000|  0%| F|  |TAMS 0x0000000088200000, 0x0000000088200000| Untracked 
| 131|0x0000000088300000, 0x0000000088300000, 0x0000000088400000|  0%| F|  |TAMS 0x0000000088300000, 0x0000000088300000| Untracked 
| 132|0x0000000088400000, 0x0000000088400000, 0x0000000088500000|  0%| F|  |TAMS 0x0000000088400000, 0x0000000088400000| Untracked 
| 133|0x0000000088500000, 0x0000000088500000, 0x0000000088600000|  0%| F|  |TAMS 0x0000000088500000, 0x0000000088500000| Untracked 
| 134|0x0000000088600000, 0x0000000088600000, 0x0000000088700000|  0%| F|  |TAMS 0x0000000088600000, 0x0000000088600000| Untracked 
| 135|0x0000000088700000, 0x0000000088700000, 0x0000000088800000|  0%| F|  |TAMS 0x0000000088700000, 0x0000000088700000| Untracked 
| 136|0x0000000088800000, 0x0000000088800000, 0x0000000088900000|  0%| F|  |TAMS 0x0000000088800000, 0x0000000088800000| Untracked 
| 137|0x0000000088900000, 0x0000000088900000, 0x0000000088a00000|  0%| F|  |TAMS 0x0000000088900000, 0x0000000088900000| Untracked 
| 138|0x0000000088a00000, 0x0000000088a00000, 0x0000000088b00000|  0%| F|  |TAMS 0x0000000088a00000, 0x0000000088a00000| Untracked 
| 139|0x0000000088b00000, 0x0000000088b00000, 0x0000000088c00000|  0%| F|  |TAMS 0x0000000088b00000, 0x0000000088b00000| Untracked 
| 140|0x0000000088c00000, 0x0000000088c00000, 0x0000000088d00000|  0%| F|  |TAMS 0x0000000088c00000, 0x0000000088c00000| Untracked 
| 141|0x0000000088d00000, 0x0000000088d00000, 0x0000000088e00000|  0%| F|  |TAMS 0x0000000088d00000, 0x0000000088d00000| Untracked 
| 142|0x0000000088e00000, 0x0000000088e00000, 0x0000000088f00000|  0%| F|  |TAMS 0x0000000088e00000, 0x0000000088e00000| Untracked 
| 143|0x0000000088f00000, 0x0000000088f00000, 0x0000000089000000|  0%| F|  |TAMS 0x0000000088f00000, 0x0000000088f00000| Untracked 
| 144|0x0000000089000000, 0x0000000089000000, 0x0000000089100000|  0%| F|  |TAMS 0x0000000089000000, 0x0000000089000000| Untracked 
| 145|0x0000000089100000, 0x0000000089100000, 0x0000000089200000|  0%| F|  |TAMS 0x0000000089100000, 0x0000000089100000| Untracked 
| 146|0x0000000089200000, 0x0000000089200000, 0x0000000089300000|  0%| F|  |TAMS 0x0000000089200000, 0x0000000089200000| Untracked 
| 147|0x0000000089300000, 0x0000000089300000, 0x0000000089400000|  0%| F|  |TAMS 0x0000000089300000, 0x0000000089300000| Untracked 
| 148|0x0000000089400000, 0x0000000089400000, 0x0000000089500000|  0%| F|  |TAMS 0x0000000089400000, 0x0000000089400000| Untracked 
| 149|0x0000000089500000, 0x0000000089500000, 0x0000000089600000|  0%| F|  |TAMS 0x0000000089500000, 0x0000000089500000| Untracked 
| 150|0x0000000089600000, 0x0000000089600000, 0x0000000089700000|  0%| F|  |TAMS 0x0000000089600000, 0x0000000089600000| Untracked 
| 151|0x0000000089700000, 0x0000000089700000, 0x0000000089800000|  0%| F|  |TAMS 0x0000000089700000, 0x0000000089700000| Untracked 
| 152|0x0000000089800000, 0x0000000089800000, 0x0000000089900000|  0%| F|  |TAMS 0x0000000089800000, 0x0000000089800000| Untracked 
| 153|0x0000000089900000, 0x0000000089900000, 0x0000000089a00000|  0%| F|  |TAMS 0x0000000089900000, 0x0000000089900000| Untracked 
| 154|0x0000000089a00000, 0x0000000089a583e0, 0x0000000089b00000| 34%| S|CS|TAMS 0x0000000089a00000, 0x0000000089a00000| Complete 
| 155|0x0000000089b00000, 0x0000000089c00000, 0x0000000089c00000|100%| S|CS|TAMS 0x0000000089b00000, 0x0000000089b00000| Complete 
| 156|0x0000000089c00000, 0x0000000089d00000, 0x0000000089d00000|100%| S|CS|TAMS 0x0000000089c00000, 0x0000000089c00000| Complete 
| 157|0x0000000089d00000, 0x0000000089e00000, 0x0000000089e00000|100%| S|CS|TAMS 0x0000000089d00000, 0x0000000089d00000| Complete 
| 158|0x0000000089e00000, 0x0000000089f00000, 0x0000000089f00000|100%| S|CS|TAMS 0x0000000089e00000, 0x0000000089e00000| Complete 
| 159|0x0000000089f00000, 0x000000008a000000, 0x000000008a000000|100%| S|CS|TAMS 0x0000000089f00000, 0x0000000089f00000| Complete 
| 160|0x000000008a000000, 0x000000008a100000, 0x000000008a100000|100%| S|CS|TAMS 0x000000008a000000, 0x000000008a000000| Complete 
| 161|0x000000008a100000, 0x000000008a100000, 0x000000008a200000|  0%| F|  |TAMS 0x000000008a100000, 0x000000008a100000| Untracked 
| 162|0x000000008a200000, 0x000000008a200000, 0x000000008a300000|  0%| F|  |TAMS 0x000000008a200000, 0x000000008a200000| Untracked 
| 163|0x000000008a300000, 0x000000008a300000, 0x000000008a400000|  0%| F|  |TAMS 0x000000008a300000, 0x000000008a300000| Untracked 
| 164|0x000000008a400000, 0x000000008a400000, 0x000000008a500000|  0%| F|  |TAMS 0x000000008a400000, 0x000000008a400000| Untracked 
| 165|0x000000008a500000, 0x000000008a500000, 0x000000008a600000|  0%| F|  |TAMS 0x000000008a500000, 0x000000008a500000| Untracked 
| 166|0x000000008a600000, 0x000000008a600000, 0x000000008a700000|  0%| F|  |TAMS 0x000000008a600000, 0x000000008a600000| Untracked 
| 167|0x000000008a700000, 0x000000008a700000, 0x000000008a800000|  0%| F|  |TAMS 0x000000008a700000, 0x000000008a700000| Untracked 
| 168|0x000000008a800000, 0x000000008a800000, 0x000000008a900000|  0%| F|  |TAMS 0x000000008a800000, 0x000000008a800000| Untracked 
| 169|0x000000008a900000, 0x000000008a900000, 0x000000008aa00000|  0%| F|  |TAMS 0x000000008a900000, 0x000000008a900000| Untracked 
| 170|0x000000008aa00000, 0x000000008aa00000, 0x000000008ab00000|  0%| F|  |TAMS 0x000000008aa00000, 0x000000008aa00000| Untracked 
| 171|0x000000008ab00000, 0x000000008ab00000, 0x000000008ac00000|  0%| F|  |TAMS 0x000000008ab00000, 0x000000008ab00000| Untracked 
| 172|0x000000008ac00000, 0x000000008ac00000, 0x000000008ad00000|  0%| F|  |TAMS 0x000000008ac00000, 0x000000008ac00000| Untracked 
| 173|0x000000008ad00000, 0x000000008ad00000, 0x000000008ae00000|  0%| F|  |TAMS 0x000000008ad00000, 0x000000008ad00000| Untracked 
| 174|0x000000008ae00000, 0x000000008ae00000, 0x000000008af00000|  0%| F|  |TAMS 0x000000008ae00000, 0x000000008ae00000| Untracked 
| 175|0x000000008af00000, 0x000000008af00000, 0x000000008b000000|  0%| F|  |TAMS 0x000000008af00000, 0x000000008af00000| Untracked 
| 176|0x000000008b000000, 0x000000008b000000, 0x000000008b100000|  0%| F|  |TAMS 0x000000008b000000, 0x000000008b000000| Untracked 
| 177|0x000000008b100000, 0x000000008b100000, 0x000000008b200000|  0%| F|  |TAMS 0x000000008b100000, 0x000000008b100000| Untracked 
| 178|0x000000008b200000, 0x000000008b200000, 0x000000008b300000|  0%| F|  |TAMS 0x000000008b200000, 0x000000008b200000| Untracked 
| 179|0x000000008b300000, 0x000000008b300000, 0x000000008b400000|  0%| F|  |TAMS 0x000000008b300000, 0x000000008b300000| Untracked 
| 180|0x000000008b400000, 0x000000008b400000, 0x000000008b500000|  0%| F|  |TAMS 0x000000008b400000, 0x000000008b400000| Untracked 
| 181|0x000000008b500000, 0x000000008b500000, 0x000000008b600000|  0%| F|  |TAMS 0x000000008b500000, 0x000000008b500000| Untracked 
| 182|0x000000008b600000, 0x000000008b600000, 0x000000008b700000|  0%| F|  |TAMS 0x000000008b600000, 0x000000008b600000| Untracked 
| 183|0x000000008b700000, 0x000000008b700000, 0x000000008b800000|  0%| F|  |TAMS 0x000000008b700000, 0x000000008b700000| Untracked 
| 184|0x000000008b800000, 0x000000008b800000, 0x000000008b900000|  0%| F|  |TAMS 0x000000008b800000, 0x000000008b800000| Untracked 
| 185|0x000000008b900000, 0x000000008b900000, 0x000000008ba00000|  0%| F|  |TAMS 0x000000008b900000, 0x000000008b900000| Untracked 
| 186|0x000000008ba00000, 0x000000008ba00000, 0x000000008bb00000|  0%| F|  |TAMS 0x000000008ba00000, 0x000000008ba00000| Untracked 
| 187|0x000000008bb00000, 0x000000008bb00000, 0x000000008bc00000|  0%| F|  |TAMS 0x000000008bb00000, 0x000000008bb00000| Untracked 
| 188|0x000000008bc00000, 0x000000008bc00000, 0x000000008bd00000|  0%| F|  |TAMS 0x000000008bc00000, 0x000000008bc00000| Untracked 
| 189|0x000000008bd00000, 0x000000008bd00000, 0x000000008be00000|  0%| F|  |TAMS 0x000000008bd00000, 0x000000008bd00000| Untracked 
| 190|0x000000008be00000, 0x000000008be00000, 0x000000008bf00000|  0%| F|  |TAMS 0x000000008be00000, 0x000000008be00000| Untracked 
| 191|0x000000008bf00000, 0x000000008bfafe48, 0x000000008c000000| 68%| E|  |TAMS 0x000000008bf00000, 0x000000008bf00000| Complete 
| 192|0x000000008c000000, 0x000000008c100000, 0x000000008c100000|100%| E|CS|TAMS 0x000000008c000000, 0x000000008c000000| Complete 
| 193|0x000000008c100000, 0x000000008c200000, 0x000000008c200000|100%| E|CS|TAMS 0x000000008c100000, 0x000000008c100000| Complete 
| 194|0x000000008c200000, 0x000000008c300000, 0x000000008c300000|100%| E|CS|TAMS 0x000000008c200000, 0x000000008c200000| Complete 
| 195|0x000000008c300000, 0x000000008c400000, 0x000000008c400000|100%| E|CS|TAMS 0x000000008c300000, 0x000000008c300000| Complete 
| 196|0x000000008c400000, 0x000000008c500000, 0x000000008c500000|100%| E|CS|TAMS 0x000000008c400000, 0x000000008c400000| Complete 
| 197|0x000000008c500000, 0x000000008c600000, 0x000000008c600000|100%| E|CS|TAMS 0x000000008c500000, 0x000000008c500000| Complete 
| 198|0x000000008c600000, 0x000000008c700000, 0x000000008c700000|100%| E|CS|TAMS 0x000000008c600000, 0x000000008c600000| Complete 
| 199|0x000000008c700000, 0x000000008c800000, 0x000000008c800000|100%| E|CS|TAMS 0x000000008c700000, 0x000000008c700000| Complete 
| 200|0x000000008c800000, 0x000000008c900000, 0x000000008c900000|100%| E|CS|TAMS 0x000000008c800000, 0x000000008c800000| Complete 
| 201|0x000000008c900000, 0x000000008ca00000, 0x000000008ca00000|100%| E|CS|TAMS 0x000000008c900000, 0x000000008c900000| Complete 
| 202|0x000000008ca00000, 0x000000008cb00000, 0x000000008cb00000|100%| E|CS|TAMS 0x000000008ca00000, 0x000000008ca00000| Complete 
| 203|0x000000008cb00000, 0x000000008cc00000, 0x000000008cc00000|100%| E|CS|TAMS 0x000000008cb00000, 0x000000008cb00000| Complete 
| 204|0x000000008cc00000, 0x000000008cd00000, 0x000000008cd00000|100%| E|CS|TAMS 0x000000008cc00000, 0x000000008cc00000| Complete 
| 205|0x000000008cd00000, 0x000000008ce00000, 0x000000008ce00000|100%| E|CS|TAMS 0x000000008cd00000, 0x000000008cd00000| Complete 
| 206|0x000000008ce00000, 0x000000008cf00000, 0x000000008cf00000|100%| E|CS|TAMS 0x000000008ce00000, 0x000000008ce00000| Complete 
| 207|0x000000008cf00000, 0x000000008d000000, 0x000000008d000000|100%| E|CS|TAMS 0x000000008cf00000, 0x000000008cf00000| Complete 
| 208|0x000000008d000000, 0x000000008d100000, 0x000000008d100000|100%| E|CS|TAMS 0x000000008d000000, 0x000000008d000000| Complete 
| 209|0x000000008d100000, 0x000000008d200000, 0x000000008d200000|100%| E|CS|TAMS 0x000000008d100000, 0x000000008d100000| Complete 
| 210|0x000000008d200000, 0x000000008d300000, 0x000000008d300000|100%| E|CS|TAMS 0x000000008d200000, 0x000000008d200000| Complete 
| 211|0x000000008d300000, 0x000000008d400000, 0x000000008d400000|100%| E|  |TAMS 0x000000008d300000, 0x000000008d300000| Complete 
| 212|0x000000008d400000, 0x000000008d500000, 0x000000008d500000|100%| E|CS|TAMS 0x000000008d400000, 0x000000008d400000| Complete 
| 213|0x000000008d500000, 0x000000008d600000, 0x000000008d600000|100%| E|CS|TAMS 0x000000008d500000, 0x000000008d500000| Complete 
| 214|0x000000008d600000, 0x000000008d700000, 0x000000008d700000|100%| E|CS|TAMS 0x000000008d600000, 0x000000008d600000| Complete 
| 215|0x000000008d700000, 0x000000008d800000, 0x000000008d800000|100%| E|CS|TAMS 0x000000008d700000, 0x000000008d700000| Complete 
| 216|0x000000008d800000, 0x000000008d900000, 0x000000008d900000|100%| E|CS|TAMS 0x000000008d800000, 0x000000008d800000| Complete 
| 217|0x000000008d900000, 0x000000008da00000, 0x000000008da00000|100%| E|CS|TAMS 0x000000008d900000, 0x000000008d900000| Complete 
| 218|0x000000008da00000, 0x000000008db00000, 0x000000008db00000|100%| E|CS|TAMS 0x000000008da00000, 0x000000008da00000| Complete 
| 219|0x000000008db00000, 0x000000008dc00000, 0x000000008dc00000|100%| E|CS|TAMS 0x000000008db00000, 0x000000008db00000| Complete 
| 220|0x000000008dc00000, 0x000000008dd00000, 0x000000008dd00000|100%| E|CS|TAMS 0x000000008dc00000, 0x000000008dc00000| Complete 
| 221|0x000000008dd00000, 0x000000008de00000, 0x000000008de00000|100%| E|CS|TAMS 0x000000008dd00000, 0x000000008dd00000| Complete 
| 222|0x000000008de00000, 0x000000008df00000, 0x000000008df00000|100%| E|CS|TAMS 0x000000008de00000, 0x000000008de00000| Complete 
| 223|0x000000008df00000, 0x000000008e000000, 0x000000008e000000|100%| E|CS|TAMS 0x000000008df00000, 0x000000008df00000| Complete 
| 224|0x000000008e000000, 0x000000008e100000, 0x000000008e100000|100%| E|CS|TAMS 0x000000008e000000, 0x000000008e000000| Complete 
| 225|0x000000008e100000, 0x000000008e200000, 0x000000008e200000|100%| E|CS|TAMS 0x000000008e100000, 0x000000008e100000| Complete 
| 226|0x000000008e200000, 0x000000008e300000, 0x000000008e300000|100%| E|CS|TAMS 0x000000008e200000, 0x000000008e200000| Complete 
| 227|0x000000008e300000, 0x000000008e400000, 0x000000008e400000|100%| E|CS|TAMS 0x000000008e300000, 0x000000008e300000| Complete 
| 228|0x000000008e400000, 0x000000008e500000, 0x000000008e500000|100%| E|CS|TAMS 0x000000008e400000, 0x000000008e400000| Complete 
| 229|0x000000008e500000, 0x000000008e600000, 0x000000008e600000|100%| E|CS|TAMS 0x000000008e500000, 0x000000008e500000| Complete 
| 230|0x000000008e600000, 0x000000008e700000, 0x000000008e700000|100%| E|CS|TAMS 0x000000008e600000, 0x000000008e600000| Complete 
| 231|0x000000008e700000, 0x000000008e800000, 0x000000008e800000|100%| E|CS|TAMS 0x000000008e700000, 0x000000008e700000| Complete 
| 232|0x000000008e800000, 0x000000008e900000, 0x000000008e900000|100%| E|CS|TAMS 0x000000008e800000, 0x000000008e800000| Complete 
| 233|0x000000008e900000, 0x000000008ea00000, 0x000000008ea00000|100%| E|CS|TAMS 0x000000008e900000, 0x000000008e900000| Complete 
| 234|0x000000008ea00000, 0x000000008eb00000, 0x000000008eb00000|100%| E|CS|TAMS 0x000000008ea00000, 0x000000008ea00000| Complete 
| 235|0x000000008eb00000, 0x000000008ec00000, 0x000000008ec00000|100%| E|CS|TAMS 0x000000008eb00000, 0x000000008eb00000| Complete 
| 236|0x000000008ec00000, 0x000000008ed00000, 0x000000008ed00000|100%| E|CS|TAMS 0x000000008ec00000, 0x000000008ec00000| Complete 
| 237|0x000000008ed00000, 0x000000008ee00000, 0x000000008ee00000|100%| E|CS|TAMS 0x000000008ed00000, 0x000000008ed00000| Complete 
| 238|0x000000008ee00000, 0x000000008ef00000, 0x000000008ef00000|100%| E|CS|TAMS 0x000000008ee00000, 0x000000008ee00000| Complete 
| 239|0x000000008ef00000, 0x000000008f000000, 0x000000008f000000|100%| E|CS|TAMS 0x000000008ef00000, 0x000000008ef00000| Complete 
| 240|0x000000008f000000, 0x000000008f100000, 0x000000008f100000|100%| E|CS|TAMS 0x000000008f000000, 0x000000008f000000| Complete 
| 241|0x000000008f100000, 0x000000008f200000, 0x000000008f200000|100%| E|CS|TAMS 0x000000008f100000, 0x000000008f100000| Complete 
| 242|0x000000008f200000, 0x000000008f300000, 0x000000008f300000|100%| E|CS|TAMS 0x000000008f200000, 0x000000008f200000| Complete 
| 243|0x000000008f300000, 0x000000008f400000, 0x000000008f400000|100%| E|CS|TAMS 0x000000008f300000, 0x000000008f300000| Complete 
| 244|0x000000008f400000, 0x000000008f500000, 0x000000008f500000|100%| E|CS|TAMS 0x000000008f400000, 0x000000008f400000| Complete 
| 245|0x000000008f500000, 0x000000008f600000, 0x000000008f600000|100%| E|CS|TAMS 0x000000008f500000, 0x000000008f500000| Complete 
| 246|0x000000008f600000, 0x000000008f700000, 0x000000008f700000|100%| E|CS|TAMS 0x000000008f600000, 0x000000008f600000| Complete 
| 247|0x000000008f700000, 0x000000008f800000, 0x000000008f800000|100%| E|CS|TAMS 0x000000008f700000, 0x000000008f700000| Complete 
| 248|0x000000008f800000, 0x000000008f900000, 0x000000008f900000|100%| E|CS|TAMS 0x000000008f800000, 0x000000008f800000| Complete 
| 249|0x000000008f900000, 0x000000008fa00000, 0x000000008fa00000|100%| E|CS|TAMS 0x000000008f900000, 0x000000008f900000| Complete 
| 250|0x000000008fa00000, 0x000000008fb00000, 0x000000008fb00000|100%| E|CS|TAMS 0x000000008fa00000, 0x000000008fa00000| Complete 
| 251|0x000000008fb00000, 0x000000008fc00000, 0x000000008fc00000|100%| E|CS|TAMS 0x000000008fb00000, 0x000000008fb00000| Complete 
| 252|0x000000008fc00000, 0x000000008fd00000, 0x000000008fd00000|100%| E|CS|TAMS 0x000000008fc00000, 0x000000008fc00000| Complete 
| 253|0x000000008fd00000, 0x000000008fe00000, 0x000000008fe00000|100%| E|CS|TAMS 0x000000008fd00000, 0x000000008fd00000| Complete 

Card table byte_map: [0x000002774f330000,0x000002774f730000] _byte_map_base: 0x000002774ef30000

Marking Bits (Prev, Next): (CMBitMap*) 0x00000277374f02d8, (CMBitMap*) 0x00000277374f0310
 Prev Bits: [0x000002774fb30000, 0x0000027751b30000)
 Next Bits: [0x0000027751b30000, 0x0000027753b30000)

Polling page: 0x0000027735460000

Metaspace:

Usage:
  Non-class:     37.18 MB capacity,    36.47 MB ( 98%) used,   617.65 KB (  2%) free+waste,   103.19 KB ( <1%) overhead. 
      Class:      5.63 MB capacity,     5.23 MB ( 93%) used,   358.63 KB (  6%) free+waste,    49.31 KB ( <1%) overhead. 
       Both:     42.81 MB capacity,    41.71 MB ( 97%) used,   976.27 KB (  2%) free+waste,   152.50 KB ( <1%) overhead. 

Virtual space:
  Non-class space:       38.00 MB reserved,      37.25 MB ( 98%) committed 
      Class space:      504.00 MB reserved,       5.75 MB (  1%) committed 
             Both:      542.00 MB reserved,      43.00 MB (  8%) committed 

Chunk freelists:
   Non-Class:  9.00 KB
       Class:  24.00 KB
        Both:  33.00 KB

MaxMetaspaceSize: 512.00 MB
CompressedClassSpaceSize: 504.00 MB
Initial GC threshold: 20.80 MB
Current GC threshold: 58.96 MB
CDS: off

CodeHeap 'non-profiled nmethods': size=120000Kb used=2210Kb max_used=2210Kb free=117789Kb
 bounds [0x00000277476b0000, 0x0000027747920000, 0x000002774ebe0000]
CodeHeap 'profiled nmethods': size=120000Kb used=8014Kb max_used=8014Kb free=111985Kb
 bounds [0x0000027740180000, 0x0000027740960000, 0x00000277476b0000]
CodeHeap 'non-nmethods': size=5760Kb used=2328Kb max_used=2328Kb free=3431Kb
 bounds [0x000002773fbe0000, 0x000002773fe50000, 0x0000027740180000]
 total_blobs=4602 nmethods=3832 adapters=679
 compilation: enabled
              stopped_count=0, restarted_count=0
 full_count=0

Compilation events (20 events):
Event: 5.830 Thread 0x0000027756e54800 nmethod 3810 0x0000027740944190 code [0x00000277409443c0, 0x0000027740944988]
Event: 5.830 Thread 0x0000027756e54800 3811       3       java.nio.HeapByteBuffer::putInt (27 bytes)
Event: 5.831 Thread 0x0000027756e54800 nmethod 3811 0x0000027740944c10 code [0x0000027740944e00, 0x00000277409452c8]
Event: 5.835 Thread 0x0000027756e54800 3812       3       com.google.common.cache.LocalCache$Segment::drainRecencyQueue (45 bytes)
Event: 5.836 Thread 0x0000027756e54800 nmethod 3812 0x0000027740945510 code [0x0000027740945720, 0x0000027740945ce8]
Event: 5.836 Thread 0x0000027756e54800 3813       3       org.gradle.internal.hash.Hashing$MessageDigestHasher::putBytes (9 bytes)
Event: 5.836 Thread 0x0000027756e54800 nmethod 3813 0x0000027740945e90 code [0x0000027740946080, 0x00000277409464b8]
Event: 5.836 Thread 0x0000027756e54800 3814       3       java.lang.StringBuilder::length (5 bytes)
Event: 5.836 Thread 0x0000027756e54800 nmethod 3814 0x0000027740946690 code [0x0000027740946840, 0x0000027740946958]
Event: 5.836 Thread 0x0000027756e54800 3815       3       sun.nio.fs.WindowsPath::getNameCount (10 bytes)
Event: 5.836 Thread 0x0000027756e54800 nmethod 3815 0x0000027740946a10 code [0x0000027740946bc0, 0x0000027740946d08]
Event: 5.838 Thread 0x0000027756e54800 3816       3       java.util.Optional::isPresent (13 bytes)
Event: 5.839 Thread 0x0000027756e54800 nmethod 3816 0x0000027740946e10 code [0x0000027740946fc0, 0x0000027740947118]
Event: 5.849 Thread 0x0000027756e54800 3817       3       java.util.concurrent.atomic.AtomicReferenceArray::set (13 bytes)
Event: 5.851 Thread 0x0000027756e54800 nmethod 3817 0x0000027740947190 code [0x0000027740947480, 0x00000277409484a8]
Event: 5.851 Thread 0x0000027756e54800 3818       3       java.lang.invoke.VarHandleObjects$Array::setVolatile (51 bytes)
Event: 5.852 Thread 0x0000027756e54800 nmethod 3818 0x0000027740948b10 code [0x0000027740948e20, 0x0000027740949fe8]
Event: 5.852 Thread 0x0000027756e54800 3819       3       java.lang.invoke.VarHandleObjects$Array::runtimeTypeCheck (26 bytes)
Event: 5.853 Thread 0x0000027756e54800 nmethod 3819 0x000002774094a710 code [0x000002774094a980, 0x000002774094b178]
Event: 5.856 Thread 0x0000027756e54800 3820   !   3       java.util.concurrent.LinkedBlockingQueue::poll (128 bytes)

GC Heap History (8 events):
Event: 0.756 GC heap before
{Heap before GC invocations=0 (full 0):
 garbage-first heap   total 260096K, used 29696K [0x0000000080000000, 0x0000000100000000)
  region size 1024K, 24 young (24576K), 0 survivors (0K)
 Metaspace       used 10184K, capacity 10432K, committed 10624K, reserved 526336K
  class space    used 1043K, capacity 1140K, committed 1152K, reserved 516096K
}
Event: 0.760 GC heap after
{Heap after GC invocations=1 (full 0):
 garbage-first heap   total 260096K, used 9495K [0x0000000080000000, 0x0000000100000000)
  region size 1024K, 3 young (3072K), 3 survivors (3072K)
 Metaspace       used 10184K, capacity 10432K, committed 10624K, reserved 526336K
  class space    used 1043K, capacity 1140K, committed 1152K, reserved 516096K
}
Event: 2.557 GC heap before
{Heap before GC invocations=1 (full 0):
 garbage-first heap   total 260096K, used 104727K [0x0000000080000000, 0x0000000100000000)
  region size 1024K, 96 young (98304K), 3 survivors (3072K)
 Metaspace       used 20707K, capacity 21119K, committed 21296K, reserved 536576K
  class space    used 2512K, capacity 2668K, committed 2688K, reserved 516096K
}
Event: 2.569 GC heap after
{Heap after GC invocations=2 (full 0):
 garbage-first heap   total 260096K, used 17211K [0x0000000080000000, 0x0000000100000000)
  region size 1024K, 11 young (11264K), 11 survivors (11264K)
 Metaspace       used 20707K, capacity 21119K, committed 21296K, reserved 536576K
  class space    used 2512K, capacity 2668K, committed 2688K, reserved 516096K
}
Event: 3.142 GC heap before
{Heap before GC invocations=3 (full 0):
 garbage-first heap   total 260096K, used 53051K [0x0000000080000000, 0x0000000100000000)
  region size 1024K, 47 young (48128K), 11 survivors (11264K)
 Metaspace       used 24616K, capacity 25189K, committed 25344K, reserved 538624K
  class space    used 3091K, capacity 3305K, committed 3328K, reserved 516096K
}
Event: 3.148 GC heap after
{Heap after GC invocations=4 (full 0):
 garbage-first heap   total 260096K, used 18283K [0x0000000080000000, 0x0000000100000000)
  region size 1024K, 2 young (2048K), 2 survivors (2048K)
 Metaspace       used 24616K, capacity 25189K, committed 25344K, reserved 538624K
  class space    used 3091K, capacity 3305K, committed 3328K, reserved 516096K
}
Event: 4.638 GC heap before
{Heap before GC invocations=4 (full 0):
 garbage-first heap   total 260096K, used 109419K [0x0000000080000000, 0x0000000100000000)
  region size 1024K, 93 young (95232K), 2 survivors (2048K)
 Metaspace       used 34981K, capacity 35890K, committed 35968K, reserved 548864K
  class space    used 4628K, capacity 4964K, committed 4992K, reserved 516096K
}
Event: 4.646 GC heap after
{Heap after GC invocations=5 (full 0):
 garbage-first heap   total 260096K, used 22996K [0x0000000080000000, 0x0000000100000000)
  region size 1024K, 7 young (7168K), 7 survivors (7168K)
 Metaspace       used 34981K, capacity 35890K, committed 35968K, reserved 548864K
  class space    used 4628K, capacity 4964K, committed 4992K, reserved 516096K
}

Deoptimization events (20 events):
Event: 5.473 Thread 0x0000027758fce800 DEOPT PACKING pc=0x00000277478aa32c sp=0x00000085df6f8cd0
Event: 5.473 Thread 0x0000027758fce800 DEOPT UNPACKING pc=0x000002773fbe85af sp=0x00000085df6f8c88 mode 2
Event: 5.473 Thread 0x0000027758fce800 Uncommon trap: trap_request=0xffffffbe fr.pc=0x00000277478aa32c relative=0x00000000000006cc
Event: 5.473 Thread 0x0000027758fce800 Uncommon trap: reason=profile_predicate action=maybe_recompile pc=0x00000277478aa32c method=java.lang.PublicMethods$MethodList.filter([Ljava/lang/reflect/Method;Ljava/lang/String;[Ljava/lang/Class;Z)Ljava/lang/PublicMethods$MethodList; @ 21 c2
Event: 5.473 Thread 0x0000027758fce800 DEOPT PACKING pc=0x00000277478aa32c sp=0x00000085df6f8cb0
Event: 5.473 Thread 0x0000027758fce800 DEOPT UNPACKING pc=0x000002773fbe85af sp=0x00000085df6f8c68 mode 2
Event: 5.637 Thread 0x0000027758fce800 DEOPT PACKING pc=0x00000277408d6ef4 sp=0x00000085df6f9ff0
Event: 5.637 Thread 0x0000027758fce800 DEOPT UNPACKING pc=0x000002773fc29d0e sp=0x00000085df6f9590 mode 0
Event: 5.652 Thread 0x0000027758fce800 Uncommon trap: trap_request=0xffffff4d fr.pc=0x00000277477cbbd0 relative=0x00000000000001f0
Event: 5.652 Thread 0x0000027758fce800 Uncommon trap: reason=unstable_if action=reinterpret pc=0x00000277477cbbd0 method=java.util.HashMap.putVal(ILjava/lang/Object;Ljava/lang/Object;ZZ)Ljava/lang/Object; @ 162 c2
Event: 5.652 Thread 0x0000027758fce800 DEOPT PACKING pc=0x00000277477cbbd0 sp=0x00000085df6fa280
Event: 5.652 Thread 0x0000027758fce800 DEOPT UNPACKING pc=0x000002773fbe85af sp=0x00000085df6fa200 mode 2
Event: 5.758 Thread 0x0000027758fce800 Uncommon trap: trap_request=0xffffff4d fr.pc=0x0000027747830930 relative=0x0000000000000110
Event: 5.758 Thread 0x0000027758fce800 Uncommon trap: reason=unstable_if action=reinterpret pc=0x0000027747830930 method=java.util.Arrays.hashCode([Ljava/lang/Object;)I @ 34 c2
Event: 5.758 Thread 0x0000027758fce800 DEOPT PACKING pc=0x0000027747830930 sp=0x00000085df6f8b90
Event: 5.758 Thread 0x0000027758fce800 DEOPT UNPACKING pc=0x000002773fbe85af sp=0x00000085df6f8b08 mode 2
Event: 5.826 Thread 0x0000027758fce800 Uncommon trap: trap_request=0xffffff4d fr.pc=0x000002774782db04 relative=0x00000000000001e4
Event: 5.826 Thread 0x0000027758fce800 Uncommon trap: reason=unstable_if action=reinterpret pc=0x000002774782db04 method=java.lang.StringCoding.encodeUTF8(B[BZ)[B @ 2 c2
Event: 5.826 Thread 0x0000027758fce800 DEOPT PACKING pc=0x000002774782db04 sp=0x00000085df6f9140
Event: 5.826 Thread 0x0000027758fce800 DEOPT UNPACKING pc=0x000002773fbe85af sp=0x00000085df6f90d0 mode 2

Classes redefined (0 events):
No events

Internal exceptions (20 events):
Event: 5.627 Thread 0x0000027758fce800 Exception <a 'java/lang/ClassNotFoundException'{0x000000008ca80ba8}: org/gradle/internal/metaobject/ConfigureDelegateCustomizer> (0x000000008ca80ba8) thrown at [./src/hotspot/share/classfile/systemDictionary.cpp, line 230]
Event: 5.634 Thread 0x0000027758fce800 Exception <a 'java/lang/ClassNotFoundException'{0x000000008caef150}: org/gradle/api/internal/initialization/DefaultScriptHandlerBeanInfo> (0x000000008caef150) thrown at [./src/hotspot/share/classfile/systemDictionary.cpp, line 230]
Event: 5.635 Thread 0x0000027758fce800 Exception <a 'java/lang/ClassNotFoundException'{0x000000008c9198a0}: org/gradle/api/internal/initialization/DefaultScriptHandlerCustomizer> (0x000000008c9198a0) thrown at [./src/hotspot/share/classfile/systemDictionary.cpp, line 230]
Event: 5.726 Thread 0x0000027758fce800 Exception <a 'java/lang/ClassNotFoundException'{0x000000008c78d218}: settings_6f22hxtfou615ii5uyf6psucdBeanInfo> (0x000000008c78d218) thrown at [./src/hotspot/share/classfile/systemDictionary.cpp, line 230]
Event: 5.727 Thread 0x0000027758fce800 Exception <a 'java/lang/ClassNotFoundException'{0x000000008c7a3358}: org/gradle/initialization/SettingsScriptBeanInfo> (0x000000008c7a3358) thrown at [./src/hotspot/share/classfile/systemDictionary.cpp, line 230]
Event: 5.727 Thread 0x0000027758fce800 Exception <a 'java/lang/ClassNotFoundException'{0x000000008c7ba818}: org/gradle/plugin/use/internal/PluginsAwareScriptBeanInfo> (0x000000008c7ba818) thrown at [./src/hotspot/share/classfile/systemDictionary.cpp, line 230]
Event: 5.728 Thread 0x0000027758fce800 Exception <a 'java/lang/ClassNotFoundException'{0x000000008c7d2cb0}: org/gradle/plugin/use/internal/PluginsAwareScriptCustomizer> (0x000000008c7d2cb0) thrown at [./src/hotspot/share/classfile/systemDictionary.cpp, line 230]
Event: 5.729 Thread 0x0000027758fce800 Exception <a 'java/lang/ClassNotFoundException'{0x000000008c7f1900}: org/gradle/initialization/SettingsScriptCustomizer> (0x000000008c7f1900) thrown at [./src/hotspot/share/classfile/systemDictionary.cpp, line 230]
Event: 5.730 Thread 0x0000027758fce800 Exception <a 'java/lang/ClassNotFoundException'{0x000000008c605860}: settings_6f22hxtfou615ii5uyf6psucdCustomizer> (0x000000008c605860) thrown at [./src/hotspot/share/classfile/systemDictionary.cpp, line 230]
Event: 5.739 Thread 0x0000027758fce800 Exception <a 'java/lang/ClassNotFoundException'{0x000000008c694270}: org/gradle/initialization/DefaultSettings_DecoratedBeanInfo> (0x000000008c694270) thrown at [./src/hotspot/share/classfile/systemDictionary.cpp, line 230]
Event: 5.740 Thread 0x0000027758fce800 Exception <a 'java/lang/ClassNotFoundException'{0x000000008c6b85b0}: org/gradle/initialization/DefaultSettingsBeanInfo> (0x000000008c6b85b0) thrown at [./src/hotspot/share/classfile/systemDictionary.cpp, line 230]
Event: 5.740 Thread 0x0000027758fce800 Exception <a 'java/lang/ClassNotFoundException'{0x000000008c6de278}: org/gradle/initialization/DefaultSettingsCustomizer> (0x000000008c6de278) thrown at [./src/hotspot/share/classfile/systemDictionary.cpp, line 230]
Event: 5.744 Thread 0x0000027758fce800 Exception <a 'java/lang/ClassNotFoundException'{0x000000008c533c10}: org/gradle/initialization/DefaultSettings_DecoratedCustomizer> (0x000000008c533c10) thrown at [./src/hotspot/share/classfile/systemDictionary.cpp, line 230]
Event: 5.754 Thread 0x0000027758fce800 Exception <a 'java/lang/ClassNotFoundException'{0x000000008c5dd318}: org/gradle/initialization/DefaultProjectDescriptorBeanInfo> (0x000000008c5dd318) thrown at [./src/hotspot/share/classfile/systemDictionary.cpp, line 230]
Event: 5.754 Thread 0x0000027758fce800 Exception <a 'java/lang/ClassNotFoundException'{0x000000008c4037c0}: org/gradle/initialization/DefaultProjectDescriptorCustomizer> (0x000000008c4037c0) thrown at [./src/hotspot/share/classfile/systemDictionary.cpp, line 230]
Event: 5.758 Thread 0x0000027758fce800 Implicit null exception at 0x000002774783086c to 0x0000027747830914
Event: 5.760 Thread 0x0000027758fce800 Exception <a 'java/lang/ClassNotFoundException'{0x000000008c44cab0}: java/io/FileBeanInfo> (0x000000008c44cab0) thrown at [./src/hotspot/share/classfile/systemDictionary.cpp, line 230]
Event: 5.760 Thread 0x0000027758fce800 Exception <a 'java/lang/ClassNotFoundException'{0x000000008c450e98}: java/io/FileCustomizer> (0x000000008c450e98) thrown at [./src/hotspot/share/classfile/systemDictionary.cpp, line 230]
Event: 5.774 Thread 0x0000027758fce800 Exception <a 'java/lang/ClassNotFoundException'{0x000000008c4d2478}: org/gradle/api/internal/plugins/DefaultObjectConfigurationActionBeanInfo> (0x000000008c4d2478) thrown at [./src/hotspot/share/classfile/systemDictionary.cpp, line 230]
Event: 5.775 Thread 0x0000027758fce800 Exception <a 'java/lang/ClassNotFoundException'{0x000000008c4fce60}: org/gradle/api/internal/plugins/DefaultObjectConfigurationActionCustomizer> (0x000000008c4fce60) thrown at [./src/hotspot/share/classfile/systemDictionary.cpp, line 230]

Events (20 events):
Event: 5.818 loading class org/gradle/internal/resource/transfer/ProgressLoggingExternalResourceAccessor$1
Event: 5.818 loading class org/gradle/internal/resource/transfer/ProgressLoggingExternalResourceAccessor$1 done
Event: 5.818 loading class org/gradle/internal/resource/transfer/ProgressLoggingExternalResourceLister
Event: 5.818 loading class org/gradle/internal/resource/transfer/ProgressLoggingExternalResourceLister done
Event: 5.819 loading class org/gradle/internal/resource/ExternalResourceListBuildOperationType$Result
Event: 5.819 loading class org/gradle/internal/resource/ExternalResourceListBuildOperationType$Result done
Event: 5.819 loading class org/gradle/internal/resource/transfer/ProgressLoggingExternalResourceLister$1
Event: 5.819 loading class org/gradle/internal/resource/transfer/ProgressLoggingExternalResourceLister$1 done
Event: 5.819 loading class org/gradle/internal/resource/transport/DefaultExternalResourceRepository
Event: 5.819 loading class org/gradle/internal/resource/transport/DefaultExternalResourceRepository done
Event: 5.820 loading class org/gradle/internal/resource/transfer/DefaultCacheAwareExternalResourceAccessor
Event: 5.820 loading class org/gradle/internal/resource/transfer/DefaultCacheAwareExternalResourceAccessor done
Event: 5.821 loading class org/gradle/internal/resource/ExternalResource$ContentAndMetadataAction
Event: 5.821 loading class org/gradle/internal/resource/ExternalResource$ContentAndMetadataAction done
Event: 5.821 loading class org/gradle/api/internal/artifacts/repositories/resolver/DefaultExternalResourceAccessor
Event: 5.821 loading class org/gradle/api/internal/artifacts/repositories/resolver/DefaultExternalResourceAccessor done
Event: 5.822 loading class org/gradle/internal/resource/transfer/CacheAwareExternalResourceAccessor$ResourceFileStore
Event: 5.822 loading class org/gradle/internal/resource/transfer/CacheAwareExternalResourceAccessor$ResourceFileStore done
Event: 5.822 loading class org/gradle/internal/resource/transfer/CachingTextUriResourceLoader
Event: 5.822 loading class org/gradle/internal/resource/transfer/CachingTextUriResourceLoader done


Dynamic libraries:
0x00007ff661e70000 - 0x00007ff661e7d000 	C:\Program Files\OpenJDK\openjdk-11.0.14.1_1\bin\java.exe
0x00007ff9035e0000 - 0x00007ff9037e9000 	C:\WINDOWS\SYSTEM32\ntdll.dll
0x00007ff901a80000 - 0x00007ff901b3d000 	C:\WINDOWS\System32\KERNEL32.DLL
0x00007ff900dc0000 - 0x00007ff90113b000 	C:\WINDOWS\System32\KERNELBASE.dll
0x00007ff8fd5f0000 - 0x00007ff8fd682000 	C:\WINDOWS\SYSTEM32\apphelp.dll
0x00007ff900c20000 - 0x00007ff900d31000 	C:\WINDOWS\System32\ucrtbase.dll
0x00007ff8fe670000 - 0x00007ff8fe687000 	C:\Program Files\OpenJDK\openjdk-11.0.14.1_1\bin\jli.dll
0x00007ff8fe610000 - 0x00007ff8fe625000 	C:\Program Files\OpenJDK\openjdk-11.0.14.1_1\bin\VCRUNTIME140.dll
0x00007ff902300000 - 0x00007ff9024ad000 	C:\WINDOWS\System32\USER32.dll
0x00007ff901390000 - 0x00007ff9013b6000 	C:\WINDOWS\System32\win32u.dll
0x00007ff8e9470000 - 0x00007ff8e9715000 	C:\WINDOWS\WinSxS\amd64_microsoft.windows.common-controls_6595b64144ccf1df_6.0.22000.120_none_9d947278b86cc467\COMCTL32.dll
0x00007ff903560000 - 0x00007ff903589000 	C:\WINDOWS\System32\GDI32.dll
0x00007ff901270000 - 0x00007ff901388000 	C:\WINDOWS\System32\gdi32full.dll
0x00007ff901460000 - 0x00007ff901503000 	C:\WINDOWS\System32\msvcrt.dll
0x00007ff9013c0000 - 0x00007ff90145d000 	C:\WINDOWS\System32\msvcp_win.dll
0x00007ff902c00000 - 0x00007ff902c31000 	C:\WINDOWS\System32\IMM32.DLL
0x00007ff897c60000 - 0x00007ff897cfb000 	C:\Program Files\OpenJDK\openjdk-11.0.14.1_1\bin\msvcp140.dll
0x00007ff883fa0000 - 0x00007ff884aad000 	C:\Program Files\OpenJDK\openjdk-11.0.14.1_1\bin\server\jvm.dll
0x00007ff901970000 - 0x00007ff901a1e000 	C:\WINDOWS\System32\ADVAPI32.dll
0x00007ff9034c0000 - 0x00007ff90355e000 	C:\WINDOWS\System32\sechost.dll
0x00007ff901620000 - 0x00007ff901740000 	C:\WINDOWS\System32\RPCRT4.dll
0x00007ff903590000 - 0x00007ff903598000 	C:\WINDOWS\System32\PSAPI.DLL
0x00007ff8fe660000 - 0x00007ff8fe669000 	C:\WINDOWS\SYSTEM32\WSOCK32.dll
0x00007ff901510000 - 0x00007ff90157f000 	C:\WINDOWS\System32\WS2_32.dll
0x00007ff8ef2e0000 - 0x00007ff8ef2ea000 	C:\WINDOWS\SYSTEM32\VERSION.dll
0x00007ff8fe540000 - 0x00007ff8fe573000 	C:\WINDOWS\SYSTEM32\WINMM.dll
0x00007ff8ffbb0000 - 0x00007ff8ffbc8000 	C:\WINDOWS\SYSTEM32\kernel.appcore.dll
0x00007ff8f36a0000 - 0x00007ff8f36b0000 	C:\Program Files\OpenJDK\openjdk-11.0.14.1_1\bin\verify.dll
0x00007ff8fe2f0000 - 0x00007ff8fe511000 	C:\WINDOWS\SYSTEM32\DBGHELP.DLL
0x00007ff8fe2b0000 - 0x00007ff8fe2e1000 	C:\WINDOWS\SYSTEM32\dbgcore.DLL
0x00007ff900d40000 - 0x00007ff900dbf000 	C:\WINDOWS\System32\bcryptPrimitives.dll
0x00007ff8eecf0000 - 0x00007ff8eed18000 	C:\Program Files\OpenJDK\openjdk-11.0.14.1_1\bin\java.dll
0x00007ff8f3690000 - 0x00007ff8f369a000 	C:\Program Files\OpenJDK\openjdk-11.0.14.1_1\bin\jimage.dll
0x00007ff8a3e30000 - 0x00007ff8a3e48000 	C:\Program Files\OpenJDK\openjdk-11.0.14.1_1\bin\zip.dll
0x00007ff901b40000 - 0x00007ff9022f8000 	C:\WINDOWS\System32\SHELL32.dll
0x00007ff8feba0000 - 0x00007ff8ff405000 	C:\WINDOWS\SYSTEM32\windows.storage.dll
0x00007ff902510000 - 0x00007ff902887000 	C:\WINDOWS\System32\combase.dll
0x00007ff8fea30000 - 0x00007ff8feb96000 	C:\WINDOWS\SYSTEM32\wintypes.dll
0x00007ff901880000 - 0x00007ff90196a000 	C:\WINDOWS\System32\SHCORE.dll
0x00007ff901a20000 - 0x00007ff901a7d000 	C:\WINDOWS\System32\shlwapi.dll
0x00007ff9009e0000 - 0x00007ff900a01000 	C:\WINDOWS\SYSTEM32\profapi.dll
0x00007ff8a6690000 - 0x00007ff8a66a9000 	C:\Program Files\OpenJDK\openjdk-11.0.14.1_1\bin\net.dll
0x00007ff8fb680000 - 0x00007ff8fb78c000 	C:\WINDOWS\SYSTEM32\WINHTTP.dll
0x00007ff9000c0000 - 0x00007ff900127000 	C:\WINDOWS\system32\mswsock.dll
0x00007ff8a6670000 - 0x00007ff8a6683000 	C:\Program Files\OpenJDK\openjdk-11.0.14.1_1\bin\nio.dll
0x00007ff8f55f0000 - 0x00007ff8f5617000 	C:\Users\manik\.gradle\native\e1d6ef7f7dcc3fd88c89a11ec53ec762bb8ba0a96d01ffa2cd45eb1d1d8dd5c5\windows-amd64\native-platform.dll
0x00007ff87e1f0000 - 0x00007ff87e334000 	C:\Users\manik\.gradle\native\5664cfc778a61ccfe75a443a1ab52a65af34e5dc3c78e0209fed803814484fcb\windows-amd64\native-platform-file-events.dll
0x00007ff8d6eb0000 - 0x00007ff8d6eb9000 	C:\Program Files\OpenJDK\openjdk-11.0.14.1_1\bin\management.dll
0x00007ff8d6780000 - 0x00007ff8d678b000 	C:\Program Files\OpenJDK\openjdk-11.0.14.1_1\bin\management_ext.dll
0x00007ff900300000 - 0x00007ff900318000 	C:\WINDOWS\SYSTEM32\CRYPTSP.dll
0x00007ff8ffb00000 - 0x00007ff8ffb35000 	C:\WINDOWS\system32\rsaenh.dll
0x00007ff9001b0000 - 0x00007ff9001d9000 	C:\WINDOWS\SYSTEM32\USERENV.dll
0x00007ff900490000 - 0x00007ff9004b7000 	C:\WINDOWS\SYSTEM32\bcrypt.dll
0x00007ff900320000 - 0x00007ff90032c000 	C:\WINDOWS\SYSTEM32\CRYPTBASE.dll
0x00007ff8ff6d0000 - 0x00007ff8ff6fd000 	C:\WINDOWS\SYSTEM32\IPHLPAPI.DLL
0x00007ff902920000 - 0x00007ff902929000 	C:\WINDOWS\System32\NSI.dll
0x00007ff8f67c0000 - 0x00007ff8f67d9000 	C:\WINDOWS\SYSTEM32\dhcpcsvc6.DLL
0x00007ff8fa390000 - 0x00007ff8fa3ae000 	C:\WINDOWS\SYSTEM32\dhcpcsvc.DLL
0x00007ff8ff700000 - 0x00007ff8ff7e8000 	C:\WINDOWS\SYSTEM32\DNSAPI.dll

dbghelp: loaded successfully - version: 4.0.5 - missing functions: none
symbol engine: initialized successfully - sym options: 0x614 - pdb path: .;C:\Program Files\OpenJDK\openjdk-11.0.14.1_1\bin;C:\WINDOWS\SYSTEM32;C:\WINDOWS\WinSxS\amd64_microsoft.windows.common-controls_6595b64144ccf1df_6.0.22000.120_none_9d947278b86cc467;C:\Program Files\OpenJDK\openjdk-11.0.14.1_1\bin\server;C:\Users\manik\.gradle\native\e1d6ef7f7dcc3fd88c89a11ec53ec762bb8ba0a96d01ffa2cd45eb1d1d8dd5c5\windows-amd64;C:\Users\manik\.gradle\native\5664cfc778a61ccfe75a443a1ab52a65af34e5dc3c78e0209fed803814484fcb\windows-amd64

VM Arguments:
jvm_args: -XX:MaxMetaspaceSize=512m --add-opens=java.base/java.util=ALL-UNNAMED --add-opens=java.base/java.lang=ALL-UNNAMED --add-opens=java.base/java.lang.invoke=ALL-UNNAMED --add-opens=java.base/java.util=ALL-UNNAMED --add-opens=java.prefs/java.util.prefs=ALL-UNNAMED --add-opens=java.prefs/java.util.prefs=ALL-UNNAMED --add-opens=java.base/java.nio.charset=ALL-UNNAMED --add-opens=java.base/java.net=ALL-UNNAMED --add-opens=java.base/java.util.concurrent.atomic=ALL-UNNAMED -Xmx2048m -Dfile.encoding=utf8 -Duser.country=IN -Duser.language=en -Duser.variant 
java_command: org.gradle.launcher.daemon.bootstrap.GradleDaemon 7.3.3
java_class_path (initial): C:\Users\manik\.gradle\wrapper\dists\gradle-7.3.3-bin\6a41zxkdtcxs8rphpq6y0069z\gradle-7.3.3\lib\gradle-launcher-7.3.3.jar
Launcher Type: SUN_STANDARD

[Global flags]
     intx CICompilerCount                          = 4                                         {product} {ergonomic}
   size_t CompressedClassSpaceSize                 = 528482304                                 {product} {ergonomic}
     uint ConcGCThreads                            = 2                                         {product} {ergonomic}
     uint G1ConcRefinementThreads                  = 8                                         {product} {ergonomic}
   size_t G1HeapRegionSize                         = 1048576                                   {product} {ergonomic}
    uintx GCDrainStackTargetSize                   = 64                                        {product} {ergonomic}
   size_t InitialHeapSize                          = 266338304                                 {product} {ergonomic}
   size_t MarkStackSize                            = 4194304                                   {product} {ergonomic}
   size_t MaxHeapSize                              = 2147483648                                {product} {command line}
   size_t MaxMetaspaceSize                         = 536870912                                 {product} {command line}
   size_t MaxNewSize                               = 1287651328                                {product} {ergonomic}
   size_t MinHeapDeltaBytes                        = 1048576                                   {product} {ergonomic}
    uintx NonNMethodCodeHeapSize                   = 5836300                                {pd product} {ergonomic}
    uintx NonProfiledCodeHeapSize                  = 122910970                              {pd product} {ergonomic}
    uintx ProfiledCodeHeapSize                     = 122910970                              {pd product} {ergonomic}
    uintx ReservedCodeCacheSize                    = 251658240                              {pd product} {ergonomic}
     bool SegmentedCodeCache                       = true                                      {product} {ergonomic}
     bool UseCompressedClassPointers               = true                                 {lp64_product} {ergonomic}
     bool UseCompressedOops                        = true                                 {lp64_product} {ergonomic}
     bool UseG1GC                                  = true                                      {product} {ergonomic}
     bool UseLargePagesIndividualAllocation        = false                                  {pd product} {ergonomic}

Logging:
Log output configuration:
 #0: stdout all=warning uptime,level,tags
 #1: stderr all=off uptime,level,tags

Environment Variables:
JAVA_HOME=C:\Program Files\OpenJDK\openjdk-11.0.14.1_1
PATH=C:\WINDOWS\system32;C:\WINDOWS;C:\WINDOWS\System32\Wbem;C:\WINDOWS\System32\WindowsPowerShell\v1.0\;C:\WINDOWS\System32\OpenSSH\;C:\Program Files\Git\cmd;C:\Users\manik\AppData\Local\Programs\Python\Python39;C:\ProgramData\chocolatey\bin;C:\Program Files\nodejs\;C:\Program Files\OpenJDK\openjdk-11.0.14.1_1\bin;C:\Program Files\MySQL\MySQL Shell 8.0\bin\;C:\Users\manik\AppData\Local\Microsoft\WindowsApps;C:\Users\manik\AppData\Local\Programs\Microsoft VS Code\bin;C:\Users\manik\AppData\Local\Programs\Python\Python39\Scripts;C:\Program Files\heroku\bin;C:\Users\manik\Documents\FlutterDev\flutter\bin;C:\Users\manik\AppData\Roaming\npm;C:\Users\manik\AppData\Local\Android\Sdk\platform-tools;
USERNAME=manik
OS=Windows_NT
PROCESSOR_IDENTIFIER=Intel64 Family 6 Model 140 Stepping 1, GenuineIntel



---------------  S Y S T E M  ---------------

OS: Windows 11 , 64 bit Build 22000 (10.0.22000.708)
OS uptime: 7 days 12:02 hours

CPU:total 8 (initial active 8) (4 cores per cpu, 2 threads per core) family 6 model 140 stepping 1 microcode 0x78, cmov, cx8, fxsr, mmx, sse, sse2, sse3, ssse3, sse4.1, sse4.2, popcnt, avx, avx2, aes, clmul, erms, 3dnowpref, lzcnt, ht, tsc, tscinvbit, bmi1, bmi2, adx, evex, sha, fma

Memory: 4k page, system-wide physical 16167M (3214M free)
TotalPageFile size 34917M (AvailPageFile size 9M)
current process WorkingSet (physical memory assigned to process): 293M, peak: 297M
current process commit charge ("private bytes"): 464M, peak: 469M

vm_info: OpenJDK 64-Bit Server VM (11.0.14.1+1) for windows-amd64 JRE (11.0.14.1+1), built on Feb  9 2022 18:53:32 by "" with unknown MS VC++:1916

END.
