#
# There is insufficient memory for the Java Runtime Environment to continue.
# Native memory allocation (malloc) failed to allocate 1093680 bytes for Chunk::new
# Possible reasons:
#   The system is out of physical RAM or swap space
#   The process is running with CompressedOops enabled, and the Java Heap may be blocking the growth of the native heap
# Possible solutions:
#   Reduce memory load on the system
#   Increase physical memory or swap space
#   Check if swap backing store is full
#   Decrease Java heap size (-Xmx/-Xms)
#   Decrease number of Java threads
#   Decrease Java thread stack sizes (-Xss)
#   Set larger code cache with -XX:ReservedCodeCacheSize=
#   JVM is running with Unscaled Compressed Oops mode in which the Java heap is
#     placed in the first 4GB address space. The Java Heap base address is the
#     maximum limit for the native heap growth. Please use -XX:HeapBaseMinAddress
#     to set the Java Heap base and to place the Java Heap above 4GB virtual address.
# This output file may be truncated or incomplete.
#
#  Out of Memory Error (arena.cpp:189), pid=20560, tid=18296
#
# JRE version: OpenJDK Runtime Environment Temurin-17.0.4.1+1 (17.0.4.1+1) (build 17.0.4.1+1)
# Java VM: OpenJDK 64-Bit Server VM Temurin-17.0.4.1+1 (17.0.4.1+1, mixed mode, tiered, compressed oops, compressed class ptrs, parallel gc, windows-amd64)
# No core dump will be written. Minidumps are not enabled by default on client versions of Windows
#

---------------  S U M M A R Y ------------

Command Line: --add-modules=ALL-SYSTEM --add-opens=java.base/java.util=ALL-UNNAMED --add-opens=java.base/java.lang=ALL-UNNAMED --add-opens=java.base/sun.nio.fs=ALL-UNNAMED -Declipse.application=org.eclipse.jdt.ls.core.id1 -Dosgi.bundles.defaultStartLevel=4 -Declipse.product=org.eclipse.jdt.ls.core.product -Djava.import.generatesMetadataFilesAtProjectRoot=false -Dfile.encoding=utf8 -XX:+UseParallelGC -XX:GCTimeRatio=4 -XX:AdaptiveSizePolicyWeight=90 -Dsun.zip.disableMemoryMapping=true -Xmx1G -Xms100m -Xlog:disable -javaagent:c:\Users\manik\.vscode\extensions\redhat.java-1.12.0-win32-x64\lombok\lombok-1.18.24.jar -XX:+HeapDumpOnOutOfMemoryError -XX:HeapDumpPath=c:\Users\manik\AppData\Roaming\Code\User\workspaceStorage\38c00034415d8ae6d4adb8292de9d2bb\redhat.java c:\Users\manik\.vscode\extensions\redhat.java-1.12.0-win32-x64\server\plugins\org.eclipse.equinox.launcher_1.6.400.v20210924-0641.jar -configuration c:\Users\manik\AppData\Roaming\Code\User\globalStorage\redhat.java\1.12.0\config_win -data c:\Users\manik\AppData\Roaming\Code\User\workspaceStorage\38c00034415d8ae6d4adb8292de9d2bb\redhat.java\jdt_ws

Host: 11th Gen Intel(R) Core(TM) i5-11300H @ 3.10GHz, 8 cores, 15G,  Windows 11 , 64 bit Build 22000 (10.0.22000.708)
Time: Tue Nov  8 11:31:14 2022 India Standard Time elapsed time: 98.758098 seconds (0d 0h 1m 38s)

---------------  T H R E A D  ---------------

Current thread (0x00000103388188b0):  JavaThread "C2 CompilerThread2" daemon [_thread_in_native, id=18296, stack(0x00000002de600000,0x00000002de700000)]


Current CompileTask:
C2:  98758 10011       4       org.eclipse.jdt.internal.compiler.classfmt.ModuleInfo::readModuleAttribute (1166 bytes)

Stack: [0x00000002de600000,0x00000002de700000]
Native frames: (J=compiled Java code, j=interpreted, Vv=VM code, C=native code)
V  [jvm.dll+0x67731a]
V  [jvm.dll+0x832284]
V  [jvm.dll+0x833a2e]
V  [jvm.dll+0x834093]
V  [jvm.dll+0x245775]
V  [jvm.dll+0xabd7b]
V  [jvm.dll+0xac30c]
V  [jvm.dll+0x363a97]
V  [jvm.dll+0x1bbf38]
V  [jvm.dll+0x2187d9]
V  [jvm.dll+0x217aa1]
V  [jvm.dll+0x1a3f8d]
V  [jvm.dll+0x227498]
V  [jvm.dll+0x2255e5]
V  [jvm.dll+0x7e7e9b]
V  [jvm.dll+0x7e240a]
V  [jvm.dll+0x6761a5]
C  [ucrtbase.dll+0x26c0c]
C  [KERNEL32.DLL+0x154e0]
C  [ntdll.dll+0x485b]


---------------  P R O C E S S  ---------------

Threads class SMR info:
_java_thread_list=0x00000103479c0e30, length=43, elements={
0x000001031e809630, 0x000001031e8c17c0, 0x000001031e8c2b10, 0x000001033268c3a0,
0x000001033268cf50, 0x000001033268d900, 0x000001033268e2b0, 0x0000010334156f40,
0x00000103341664c0, 0x00000103341a9cd0, 0x000001033428e420, 0x00000103342fb2c0,
0x000001033564a2e0, 0x00000103365e0000, 0x00000103365e0770, 0x00000103357929b0,
0x00000103354cf030, 0x0000010336836320, 0x0000010336837190, 0x0000010336837b30,
0x00000103368367f0, 0x0000010336836cc0, 0x0000010336837660, 0x00000103353284b0,
0x0000010335328980, 0x0000010335327b10, 0x0000010335327fe0, 0x0000010335326300,
0x0000010335325490, 0x0000010335326ca0, 0x0000010335327170, 0x000001033a57adb0,
0x000001033a57ca90, 0x000001033a578c00, 0x000001033a57cf60, 0x000001033a579a70,
0x000001033a57b750, 0x000001033a57bc20, 0x000001033a579f40, 0x0000010338816f60,
0x00000103388188b0, 0x000001033a57c0f0, 0x000001033a57fab0
}
_to_delete_list=0x00000103479c0ad0, length=42, elements={
0x000001031e809630, 0x000001031e8c17c0, 0x000001031e8c2b10, 0x000001033268c3a0,
0x000001033268cf50, 0x000001033268d900, 0x000001033268e2b0, 0x0000010334156f40,
0x00000103341664c0, 0x00000103341a9cd0, 0x000001033428e420, 0x00000103342fb2c0,
0x000001033564a2e0, 0x00000103365e0000, 0x00000103365e0770, 0x00000103357929b0,
0x00000103354cf030, 0x0000010336836320, 0x0000010336837190, 0x0000010336837b30,
0x00000103368367f0, 0x0000010336836cc0, 0x0000010336837660, 0x00000103353284b0,
0x0000010335328980, 0x0000010335327b10, 0x0000010335327fe0, 0x0000010335326300,
0x0000010335325490, 0x0000010335326ca0, 0x0000010335327170, 0x000001033a57adb0,
0x000001033a57ca90, 0x000001033a578c00, 0x000001033a57cf60, 0x000001033a579a70,
0x000001033a57b750, 0x000001033a57bc20, 0x000001033a579f40, 0x0000010338816f60,
0x00000103388188b0, 0x000001033a57c0f0
}

Java Threads: ( => current thread )
  0x000001031e809630 JavaThread "main" [_thread_blocked, id=20032, stack(0x00000002de700000,0x00000002de800000)]
  0x000001031e8c17c0 JavaThread "Reference Handler" daemon [_thread_blocked, id=21584, stack(0x00000002dea00000,0x00000002deb00000)]
  0x000001031e8c2b10 JavaThread "Finalizer" daemon [_thread_blocked, id=18828, stack(0x00000002deb00000,0x00000002dec00000)]
  0x000001033268c3a0 JavaThread "Signal Dispatcher" daemon [_thread_blocked, id=19604, stack(0x00000002dec00000,0x00000002ded00000)]
  0x000001033268cf50 JavaThread "Attach Listener" daemon [_thread_blocked, id=7296, stack(0x00000002ded00000,0x00000002dee00000)]
  0x000001033268d900 JavaThread "Service Thread" daemon [_thread_blocked, id=7896, stack(0x00000002dee00000,0x00000002def00000)]
  0x000001033268e2b0 JavaThread "Monitor Deflation Thread" daemon [_thread_blocked, id=688, stack(0x00000002def00000,0x00000002df000000)]
  0x0000010334156f40 JavaThread "C2 CompilerThread0" daemon [_thread_blocked, id=16132, stack(0x00000002df000000,0x00000002df100000)]
  0x00000103341664c0 JavaThread "C1 CompilerThread0" daemon [_thread_blocked, id=20496, stack(0x00000002df100000,0x00000002df200000)]
  0x00000103341a9cd0 JavaThread "Sweeper thread" daemon [_thread_blocked, id=19224, stack(0x00000002df200000,0x00000002df300000)]
  0x000001033428e420 JavaThread "Common-Cleaner" daemon [_thread_blocked, id=2288, stack(0x00000002df300000,0x00000002df400000)]
  0x00000103342fb2c0 JavaThread "Notification Thread" daemon [_thread_blocked, id=19508, stack(0x00000002df400000,0x00000002df500000)]
  0x000001033564a2e0 JavaThread "Active Thread: Equinox Container: 8d6c441a-ebc7-4244-86a8-022960ef9241" [_thread_blocked, id=9032, stack(0x00000002dfc00000,0x00000002dfd00000)]
  0x00000103365e0000 JavaThread "Framework Event Dispatcher: Equinox Container: 8d6c441a-ebc7-4244-86a8-022960ef9241" daemon [_thread_blocked, id=20952, stack(0x00000002dfb00000,0x00000002dfc00000)]
  0x00000103365e0770 JavaThread "Start Level: Equinox Container: 8d6c441a-ebc7-4244-86a8-022960ef9241" daemon [_thread_blocked, id=11844, stack(0x00000002dfd00000,0x00000002dfe00000)]
  0x00000103357929b0 JavaThread "SCR Component Actor" daemon [_thread_blocked, id=18636, stack(0x00000002dfe00000,0x00000002dff00000)]
  0x00000103354cf030 JavaThread "Worker-JM" [_thread_blocked, id=11992, stack(0x00000002e0200000,0x00000002e0300000)]
  0x0000010336836320 JavaThread "Worker-0" [_thread_blocked, id=9144, stack(0x00000002e0300000,0x00000002e0400000)]
  0x0000010336837190 JavaThread "Worker-1" [_thread_blocked, id=3240, stack(0x00000002e0400000,0x00000002e0500000)]
  0x0000010336837b30 JavaThread "Worker-2" [_thread_blocked, id=516, stack(0x00000002e0500000,0x00000002e0600000)]
  0x00000103368367f0 JavaThread "Worker-3" [_thread_blocked, id=18048, stack(0x00000002e0800000,0x00000002e0900000)]
  0x0000010336836cc0 JavaThread "Java indexing" daemon [_thread_blocked, id=22928, stack(0x00000002e0900000,0x00000002e0a00000)]
  0x0000010336837660 JavaThread "Worker-4" [_thread_blocked, id=4228, stack(0x00000002e0a00000,0x00000002e0b00000)]
  0x00000103353284b0 JavaThread "Worker-5" [_thread_blocked, id=14712, stack(0x00000002e0b00000,0x00000002e0c00000)]
  0x0000010335328980 JavaThread "JNA Cleaner" daemon [_thread_blocked, id=16960, stack(0x00000002e0c00000,0x00000002e0d00000)]
  0x0000010335327b10 JavaThread "pool-2-thread-1" [_thread_blocked, id=7092, stack(0x00000002e0d00000,0x00000002e0e00000)]
  0x0000010335327fe0 JavaThread "Worker-6" [_thread_blocked, id=17400, stack(0x00000002e0e00000,0x00000002e0f00000)]
  0x0000010335326300 JavaThread "pool-1-thread-1" [_thread_in_native, id=3888, stack(0x00000002e0f00000,0x00000002e1000000)]
  0x0000010335325490 JavaThread "Worker-7" [_thread_blocked, id=19528, stack(0x00000002e1000000,0x00000002e1100000)]
  0x0000010335326ca0 JavaThread "Timer-0" [_thread_blocked, id=2756, stack(0x00000002e1100000,0x00000002e1200000)]
  0x0000010335327170 JavaThread "Timer-1" [_thread_blocked, id=16604, stack(0x00000002e1200000,0x00000002e1300000)]
  0x000001033a57adb0 JavaThread "Timer-2" [_thread_blocked, id=5148, stack(0x00000002e0100000,0x00000002e0200000)]
  0x000001033a57ca90 JavaThread "Exec process" [_thread_blocked, id=4400, stack(0x00000002e1500000,0x00000002e1600000)]
  0x000001033a578c00 JavaThread "Exec process Thread 2" [_thread_blocked, id=8628, stack(0x00000002e1600000,0x00000002e1700000)]
  0x000001033a57cf60 JavaThread "Exec process Thread 3" [_thread_blocked, id=2468, stack(0x00000002e1700000,0x00000002e1800000)]
  0x000001033a579a70 JavaThread "Timer-3" [_thread_blocked, id=5384, stack(0x00000002e1900000,0x00000002e1a00000)]
  0x000001033a57b750 JavaThread "Timer-4" [_thread_blocked, id=12444, stack(0x00000002e0600000,0x00000002e0700000)]
  0x000001033a57bc20 JavaThread "Timer-5" [_thread_blocked, id=3884, stack(0x00000002e1800000,0x00000002e1900000)]
  0x000001033a579f40 JavaThread "ForkJoinPool.commonPool-worker-1" daemon [_thread_blocked, id=19164, stack(0x00000002e1b00000,0x00000002e1c00000)]
  0x0000010338816f60 JavaThread "C2 CompilerThread1" daemon [_thread_blocked, id=15504, stack(0x00000002de500000,0x00000002de600000)]
=>0x00000103388188b0 JavaThread "C2 CompilerThread2" daemon [_thread_in_native, id=18296, stack(0x00000002de600000,0x00000002de700000)]
  0x000001033a57c0f0 JavaThread "ForkJoinPool.commonPool-worker-2" daemon [_thread_blocked, id=20748, stack(0x00000002e1a00000,0x00000002e1b00000)]
  0x000001033a57fab0 JavaThread "ForkJoinPool.commonPool-worker-3" daemon [_thread_blocked, id=14536, stack(0x00000002e1c00000,0x00000002e1d00000)]

Other Threads:
  0x0000010334121c30 VMThread "VM Thread" [stack: 0x00000002de900000,0x00000002dea00000] [id=5160]
  0x00000103343dd250 WatcherThread [stack: 0x00000002df500000,0x00000002df600000] [id=11688]
  0x000001031e81eea0 GCTaskThread "GC Thread#0" [stack: 0x00000002de800000,0x00000002de900000] [id=20924]
  0x00000103343d24d0 GCTaskThread "GC Thread#1" [stack: 0x00000002df600000,0x00000002df700000] [id=18004]
  0x0000010335682660 GCTaskThread "GC Thread#2" [stack: 0x00000002df700000,0x00000002df800000] [id=16892]
  0x0000010335682910 GCTaskThread "GC Thread#3" [stack: 0x00000002df800000,0x00000002df900000] [id=21184]
  0x00000103354d30a0 GCTaskThread "GC Thread#4" [stack: 0x00000002df900000,0x00000002dfa00000] [id=4940]
  0x00000103354d3350 GCTaskThread "GC Thread#5" [stack: 0x00000002dfa00000,0x00000002dfb00000] [id=22872]
  0x0000010335165d40 GCTaskThread "GC Thread#6" [stack: 0x00000002dff00000,0x00000002e0000000] [id=2368]
  0x00000103365b1440 GCTaskThread "GC Thread#7" [stack: 0x00000002e0000000,0x00000002e0100000] [id=5524]

Threads with active compile tasks:
C2 CompilerThread2    98777 10011       4       org.eclipse.jdt.internal.compiler.classfmt.ModuleInfo::readModuleAttribute (1166 bytes)

VM state: not at safepoint (normal execution)

VM Mutex/Monitor currently owned by a thread: None

Heap address: 0x00000000c0000000, size: 1024 MB, Compressed Oops mode: 32-bit

CDS archive(s) not mapped
Compressed class space mapped at: 0x0000000100000000-0x0000000140000000, reserved size: 1073741824
Narrow klass base: 0x0000000000000000, Narrow klass shift: 3, Narrow klass range: 0x140000000

GC Precious Log:
 CPUs: 8 total, 8 available
 Memory: 16167M
 Large Page Support: Disabled
 NUMA Support: Disabled
 Compressed Oops: Enabled (32-bit)
 Alignments: Space 512K, Generation 512K, Heap 2M
 Heap Min Capacity: 100M
 Heap Initial Capacity: 100M
 Heap Max Capacity: 1G
 Pre-touch: Disabled
 Parallel Workers: 8

Heap:
 PSYoungGen      total 17408K, used 15808K [0x00000000eab00000, 0x00000000ebe00000, 0x0000000100000000)
  eden space 16896K, 90% used [0x00000000eab00000,0x00000000eb9f0180,0x00000000ebb80000)
  from space 512K, 100% used [0x00000000ebd00000,0x00000000ebd80000,0x00000000ebd80000)
  to   space 512K, 0% used [0x00000000ebd80000,0x00000000ebd80000,0x00000000ebe00000)
 ParOldGen       total 71680K, used 60094K [0x00000000c0000000, 0x00000000c4600000, 0x00000000eab00000)
  object space 71680K, 83% used [0x00000000c0000000,0x00000000c3aafb10,0x00000000c4600000)
 Metaspace       used 72503K, committed 73600K, reserved 1114112K
  class space    used 8459K, committed 8960K, reserved 1048576K

Card table byte_map: [0x000001031e1b0000,0x000001031e3c0000] _byte_map_base: 0x000001031dbb0000

Marking Bits: (ParMarkBitMap*) 0x00007ff8bdb62cc0
 Begin Bits: [0x0000010330490000, 0x0000010331490000)
 End Bits:   [0x0000010331490000, 0x0000010332490000)

Polling page: 0x000001031c740000

Metaspace:

Usage:
  Non-class:     62.54 MB used.
      Class:      8.26 MB used.
       Both:     70.80 MB used.

Virtual space:
  Non-class space:       64.00 MB reserved,      63.12 MB ( 99%) committed,  8 nodes.
      Class space:        1.00 GB reserved,       8.75 MB ( <1%) committed,  1 nodes.
             Both:        1.06 GB reserved,      71.88 MB (  7%) committed. 

Chunk freelists:
   Non-Class:  624.00 KB
       Class:  3.09 MB
        Both:  3.70 MB

MaxMetaspaceSize: unlimited
CompressedClassSpaceSize: 1.00 GB
Initial GC threshold: 21.00 MB
Current GC threshold: 115.88 MB
CDS: off
MetaspaceReclaimPolicy: balanced
 - commit_granule_bytes: 65536.
 - commit_granule_words: 8192.
 - virtual_space_node_default_size: 1048576.
 - enlarge_chunks_in_place: 1.
 - new_chunks_are_fully_committed: 0.
 - uncommit_free_chunks: 1.
 - use_allocation_guard: 0.
 - handle_deallocations: 1.


Internal statistics:

num_allocs_failed_limit: 9.
num_arena_births: 544.
num_arena_deaths: 14.
num_vsnodes_births: 9.
num_vsnodes_deaths: 0.
num_space_committed: 1150.
num_space_uncommitted: 0.
num_chunks_returned_to_freelist: 23.
num_chunks_taken_from_freelist: 3326.
num_chunk_merges: 10.
num_chunk_splits: 2164.
num_chunks_enlarged: 1377.
num_purges: 2.
num_inconsistent_stats: 0.

CodeHeap 'non-profiled nmethods': size=120000Kb used=6662Kb max_used=6833Kb free=113337Kb
 bounds [0x0000010328f60000, 0x0000010329620000, 0x0000010330490000]
CodeHeap 'profiled nmethods': size=120000Kb used=15608Kb max_used=17568Kb free=104391Kb
 bounds [0x0000010321a30000, 0x0000010322b60000, 0x0000010328f60000]
CodeHeap 'non-nmethods': size=5760Kb used=1354Kb max_used=1447Kb free=4406Kb
 bounds [0x0000010321490000, 0x0000010321700000, 0x0000010321a30000]
 total_blobs=8658 nmethods=7975 adapters=595
 compilation: enabled
              stopped_count=0, restarted_count=0
 full_count=0

Compilation events (20 events):
Event: 98.592 Thread 0x00000103341664c0 nmethod 10023 0x0000010321ea0d10 code [0x0000010321ea0ee0, 0x0000010321ea1348]
Event: 98.592 Thread 0x00000103341664c0 10024       3       com.google.gson.internal.$Gson$Types::equals (283 bytes)
Event: 98.592 Thread 0x00000103341664c0 nmethod 10024 0x0000010321bea610 code [0x0000010321beaa60, 0x0000010321bed218]
Event: 98.592 Thread 0x00000103341664c0 10022       3       org.eclipse.jdt.internal.compiler.classfmt.ModuleInfo$ServiceInfo::<init> (10 bytes)
Event: 98.593 Thread 0x00000103341664c0 nmethod 10022 0x0000010322017610 code [0x00000103220177a0, 0x0000010322017918]
Event: 98.596 Thread 0x0000010338816f60 nmethod 10017 0x000001032936f290 code [0x000001032936f460, 0x000001032936f990]
Event: 98.596 Thread 0x0000010338816f60 10021       4       org.eclipse.jdt.internal.compiler.classfmt.ModuleInfo$PackageExportInfo::<init> (10 bytes)
Event: 98.597 Thread 0x0000010338816f60 nmethod 10021 0x000001032934d710 code [0x000001032934d880, 0x000001032934d918]
Event: 98.612 Thread 0x0000010338816f60 10025   !   4       org.eclipse.core.internal.resources.ProjectPathVariableManager::resolveURI (173 bytes)
Event: 98.613 Thread 0x0000010338816f60 nmethod 10025 0x0000010329344710 code [0x0000010329344880, 0x0000010329344938]
Event: 98.614 Thread 0x00000103341664c0 10026       3       com.sun.org.apache.xerces.internal.dom.DeferredDocumentImpl::createDeferredAttribute (95 bytes)
Event: 98.614 Thread 0x00000103341664c0 nmethod 10026 0x0000010321d3f110 code [0x0000010321d3f2e0, 0x0000010321d3f5e8]
Event: 98.614 Thread 0x00000103341664c0 10027       3       com.sun.org.apache.xerces.internal.dom.DeferredAttrImpl::synchronizeChildren (18 bytes)
Event: 98.614 Thread 0x00000103341664c0 nmethod 10027 0x0000010322125990 code [0x0000010322125b60, 0x0000010322126118]
Event: 98.615 Thread 0x00000103341664c0 10028  s    3       org.eclipse.jdt.internal.core.JavaModelManager::containerGet (46 bytes)
Event: 98.615 Thread 0x00000103341664c0 nmethod 10028 0x0000010321ec1710 code [0x0000010321ec1900, 0x0000010321ec1fe8]
Event: 98.616 Thread 0x00000103341664c0 10029       3       java.lang.StackTraceElement::of (68 bytes)
Event: 98.617 Thread 0x00000103341664c0 nmethod 10029 0x00000103220d7990 code [0x00000103220d7b80, 0x00000103220d8158]
Event: 98.618 Thread 0x00000103341664c0 10030       3       java.util.concurrent.ConcurrentHashMap::get (162 bytes)
Event: 98.619 Thread 0x00000103341664c0 nmethod 10030 0x0000010321f4d790 code [0x0000010321f4d9e0, 0x0000010321f4e4a8]

GC Heap History (20 events):
Event: 89.761 GC heap before
{Heap before GC invocations=99 (full 7):
 PSYoungGen      total 17408K, used 17184K [0x00000000eab00000, 0x00000000ebe00000, 0x0000000100000000)
  eden space 16896K, 100% used [0x00000000eab00000,0x00000000ebb80000,0x00000000ebb80000)
  from space 512K, 56% used [0x00000000ebd00000,0x00000000ebd48000,0x00000000ebd80000)
  to   space 512K, 0% used [0x00000000ebd80000,0x00000000ebd80000,0x00000000ebe00000)
 ParOldGen       total 71680K, used 59822K [0x00000000c0000000, 0x00000000c4600000, 0x00000000eab00000)
  object space 71680K, 83% used [0x00000000c0000000,0x00000000c3a6bb10,0x00000000c4600000)
 Metaspace       used 70720K, committed 71616K, reserved 1114112K
  class space    used 8231K, committed 8640K, reserved 1048576K
}
Event: 89.762 GC heap after
{Heap after GC invocations=99 (full 7):
 PSYoungGen      total 17408K, used 288K [0x00000000eab00000, 0x00000000ebe00000, 0x0000000100000000)
  eden space 16896K, 0% used [0x00000000eab00000,0x00000000eab00000,0x00000000ebb80000)
  from space 512K, 56% used [0x00000000ebd80000,0x00000000ebdc8000,0x00000000ebe00000)
  to   space 512K, 0% used [0x00000000ebd00000,0x00000000ebd00000,0x00000000ebd80000)
 ParOldGen       total 71680K, used 59846K [0x00000000c0000000, 0x00000000c4600000, 0x00000000eab00000)
  object space 71680K, 83% used [0x00000000c0000000,0x00000000c3a71b10,0x00000000c4600000)
 Metaspace       used 70720K, committed 71616K, reserved 1114112K
  class space    used 8231K, committed 8640K, reserved 1048576K
}
Event: 90.666 GC heap before
{Heap before GC invocations=100 (full 7):
 PSYoungGen      total 17408K, used 17184K [0x00000000eab00000, 0x00000000ebe00000, 0x0000000100000000)
  eden space 16896K, 100% used [0x00000000eab00000,0x00000000ebb80000,0x00000000ebb80000)
  from space 512K, 56% used [0x00000000ebd80000,0x00000000ebdc8000,0x00000000ebe00000)
  to   space 512K, 0% used [0x00000000ebd00000,0x00000000ebd00000,0x00000000ebd80000)
 ParOldGen       total 71680K, used 59846K [0x00000000c0000000, 0x00000000c4600000, 0x00000000eab00000)
  object space 71680K, 83% used [0x00000000c0000000,0x00000000c3a71b10,0x00000000c4600000)
 Metaspace       used 70720K, committed 71616K, reserved 1114112K
  class space    used 8231K, committed 8640K, reserved 1048576K
}
Event: 90.667 GC heap after
{Heap after GC invocations=100 (full 7):
 PSYoungGen      total 17408K, used 288K [0x00000000eab00000, 0x00000000ebe00000, 0x0000000100000000)
  eden space 16896K, 0% used [0x00000000eab00000,0x00000000eab00000,0x00000000ebb80000)
  from space 512K, 56% used [0x00000000ebd00000,0x00000000ebd48000,0x00000000ebd80000)
  to   space 512K, 0% used [0x00000000ebd80000,0x00000000ebd80000,0x00000000ebe00000)
 ParOldGen       total 71680K, used 59870K [0x00000000c0000000, 0x00000000c4600000, 0x00000000eab00000)
  object space 71680K, 83% used [0x00000000c0000000,0x00000000c3a77b10,0x00000000c4600000)
 Metaspace       used 70720K, committed 71616K, reserved 1114112K
  class space    used 8231K, committed 8640K, reserved 1048576K
}
Event: 91.525 GC heap before
{Heap before GC invocations=101 (full 7):
 PSYoungGen      total 17408K, used 17184K [0x00000000eab00000, 0x00000000ebe00000, 0x0000000100000000)
  eden space 16896K, 100% used [0x00000000eab00000,0x00000000ebb80000,0x00000000ebb80000)
  from space 512K, 56% used [0x00000000ebd00000,0x00000000ebd48000,0x00000000ebd80000)
  to   space 512K, 0% used [0x00000000ebd80000,0x00000000ebd80000,0x00000000ebe00000)
 ParOldGen       total 71680K, used 59870K [0x00000000c0000000, 0x00000000c4600000, 0x00000000eab00000)
  object space 71680K, 83% used [0x00000000c0000000,0x00000000c3a77b10,0x00000000c4600000)
 Metaspace       used 70721K, committed 71616K, reserved 1114112K
  class space    used 8231K, committed 8640K, reserved 1048576K
}
Event: 91.525 GC heap after
{Heap after GC invocations=101 (full 7):
 PSYoungGen      total 17408K, used 288K [0x00000000eab00000, 0x00000000ebe00000, 0x0000000100000000)
  eden space 16896K, 0% used [0x00000000eab00000,0x00000000eab00000,0x00000000ebb80000)
  from space 512K, 56% used [0x00000000ebd80000,0x00000000ebdc8000,0x00000000ebe00000)
  to   space 512K, 0% used [0x00000000ebd00000,0x00000000ebd00000,0x00000000ebd80000)
 ParOldGen       total 71680K, used 59902K [0x00000000c0000000, 0x00000000c4600000, 0x00000000eab00000)
  object space 71680K, 83% used [0x00000000c0000000,0x00000000c3a7fb10,0x00000000c4600000)
 Metaspace       used 70721K, committed 71616K, reserved 1114112K
  class space    used 8231K, committed 8640K, reserved 1048576K
}
Event: 92.418 GC heap before
{Heap before GC invocations=102 (full 7):
 PSYoungGen      total 17408K, used 17184K [0x00000000eab00000, 0x00000000ebe00000, 0x0000000100000000)
  eden space 16896K, 100% used [0x00000000eab00000,0x00000000ebb80000,0x00000000ebb80000)
  from space 512K, 56% used [0x00000000ebd80000,0x00000000ebdc8000,0x00000000ebe00000)
  to   space 512K, 0% used [0x00000000ebd00000,0x00000000ebd00000,0x00000000ebd80000)
 ParOldGen       total 71680K, used 59902K [0x00000000c0000000, 0x00000000c4600000, 0x00000000eab00000)
  object space 71680K, 83% used [0x00000000c0000000,0x00000000c3a7fb10,0x00000000c4600000)
 Metaspace       used 70721K, committed 71616K, reserved 1114112K
  class space    used 8231K, committed 8640K, reserved 1048576K
}
Event: 92.419 GC heap after
{Heap after GC invocations=102 (full 7):
 PSYoungGen      total 17408K, used 288K [0x00000000eab00000, 0x00000000ebe00000, 0x0000000100000000)
  eden space 16896K, 0% used [0x00000000eab00000,0x00000000eab00000,0x00000000ebb80000)
  from space 512K, 56% used [0x00000000ebd00000,0x00000000ebd48000,0x00000000ebd80000)
  to   space 512K, 0% used [0x00000000ebd80000,0x00000000ebd80000,0x00000000ebe00000)
 ParOldGen       total 71680K, used 59934K [0x00000000c0000000, 0x00000000c4600000, 0x00000000eab00000)
  object space 71680K, 83% used [0x00000000c0000000,0x00000000c3a87b10,0x00000000c4600000)
 Metaspace       used 70721K, committed 71616K, reserved 1114112K
  class space    used 8231K, committed 8640K, reserved 1048576K
}
Event: 93.557 GC heap before
{Heap before GC invocations=103 (full 7):
 PSYoungGen      total 17408K, used 17184K [0x00000000eab00000, 0x00000000ebe00000, 0x0000000100000000)
  eden space 16896K, 100% used [0x00000000eab00000,0x00000000ebb80000,0x00000000ebb80000)
  from space 512K, 56% used [0x00000000ebd00000,0x00000000ebd48000,0x00000000ebd80000)
  to   space 512K, 0% used [0x00000000ebd80000,0x00000000ebd80000,0x00000000ebe00000)
 ParOldGen       total 71680K, used 59934K [0x00000000c0000000, 0x00000000c4600000, 0x00000000eab00000)
  object space 71680K, 83% used [0x00000000c0000000,0x00000000c3a87b10,0x00000000c4600000)
 Metaspace       used 70721K, committed 71616K, reserved 1114112K
  class space    used 8231K, committed 8640K, reserved 1048576K
}
Event: 93.557 GC heap after
{Heap after GC invocations=103 (full 7):
 PSYoungGen      total 17408K, used 288K [0x00000000eab00000, 0x00000000ebe00000, 0x0000000100000000)
  eden space 16896K, 0% used [0x00000000eab00000,0x00000000eab00000,0x00000000ebb80000)
  from space 512K, 56% used [0x00000000ebd80000,0x00000000ebdc8000,0x00000000ebe00000)
  to   space 512K, 0% used [0x00000000ebd00000,0x00000000ebd00000,0x00000000ebd80000)
 ParOldGen       total 71680K, used 59950K [0x00000000c0000000, 0x00000000c4600000, 0x00000000eab00000)
  object space 71680K, 83% used [0x00000000c0000000,0x00000000c3a8bb10,0x00000000c4600000)
 Metaspace       used 70721K, committed 71616K, reserved 1114112K
  class space    used 8231K, committed 8640K, reserved 1048576K
}
Event: 94.615 GC heap before
{Heap before GC invocations=104 (full 7):
 PSYoungGen      total 17408K, used 17184K [0x00000000eab00000, 0x00000000ebe00000, 0x0000000100000000)
  eden space 16896K, 100% used [0x00000000eab00000,0x00000000ebb80000,0x00000000ebb80000)
  from space 512K, 56% used [0x00000000ebd80000,0x00000000ebdc8000,0x00000000ebe00000)
  to   space 512K, 0% used [0x00000000ebd00000,0x00000000ebd00000,0x00000000ebd80000)
 ParOldGen       total 71680K, used 59950K [0x00000000c0000000, 0x00000000c4600000, 0x00000000eab00000)
  object space 71680K, 83% used [0x00000000c0000000,0x00000000c3a8bb10,0x00000000c4600000)
 Metaspace       used 70721K, committed 71616K, reserved 1114112K
  class space    used 8231K, committed 8640K, reserved 1048576K
}
Event: 94.616 GC heap after
{Heap after GC invocations=104 (full 7):
 PSYoungGen      total 17408K, used 192K [0x00000000eab00000, 0x00000000ebe00000, 0x0000000100000000)
  eden space 16896K, 0% used [0x00000000eab00000,0x00000000eab00000,0x00000000ebb80000)
  from space 512K, 37% used [0x00000000ebd00000,0x00000000ebd30000,0x00000000ebd80000)
  to   space 512K, 0% used [0x00000000ebd80000,0x00000000ebd80000,0x00000000ebe00000)
 ParOldGen       total 71680K, used 59974K [0x00000000c0000000, 0x00000000c4600000, 0x00000000eab00000)
  object space 71680K, 83% used [0x00000000c0000000,0x00000000c3a91b10,0x00000000c4600000)
 Metaspace       used 70721K, committed 71616K, reserved 1114112K
  class space    used 8231K, committed 8640K, reserved 1048576K
}
Event: 95.636 GC heap before
{Heap before GC invocations=105 (full 7):
 PSYoungGen      total 17408K, used 17088K [0x00000000eab00000, 0x00000000ebe00000, 0x0000000100000000)
  eden space 16896K, 100% used [0x00000000eab00000,0x00000000ebb80000,0x00000000ebb80000)
  from space 512K, 37% used [0x00000000ebd00000,0x00000000ebd30000,0x00000000ebd80000)
  to   space 512K, 0% used [0x00000000ebd80000,0x00000000ebd80000,0x00000000ebe00000)
 ParOldGen       total 71680K, used 59974K [0x00000000c0000000, 0x00000000c4600000, 0x00000000eab00000)
  object space 71680K, 83% used [0x00000000c0000000,0x00000000c3a91b10,0x00000000c4600000)
 Metaspace       used 70721K, committed 71616K, reserved 1114112K
  class space    used 8231K, committed 8640K, reserved 1048576K
}
Event: 95.636 GC heap after
{Heap after GC invocations=105 (full 7):
 PSYoungGen      total 17408K, used 192K [0x00000000eab00000, 0x00000000ebe00000, 0x0000000100000000)
  eden space 16896K, 0% used [0x00000000eab00000,0x00000000eab00000,0x00000000ebb80000)
  from space 512K, 37% used [0x00000000ebd80000,0x00000000ebdb0000,0x00000000ebe00000)
  to   space 512K, 0% used [0x00000000ebd00000,0x00000000ebd00000,0x00000000ebd80000)
 ParOldGen       total 71680K, used 60006K [0x00000000c0000000, 0x00000000c4600000, 0x00000000eab00000)
  object space 71680K, 83% used [0x00000000c0000000,0x00000000c3a99b10,0x00000000c4600000)
 Metaspace       used 70721K, committed 71616K, reserved 1114112K
  class space    used 8231K, committed 8640K, reserved 1048576K
}
Event: 96.558 GC heap before
{Heap before GC invocations=106 (full 7):
 PSYoungGen      total 17408K, used 17088K [0x00000000eab00000, 0x00000000ebe00000, 0x0000000100000000)
  eden space 16896K, 100% used [0x00000000eab00000,0x00000000ebb80000,0x00000000ebb80000)
  from space 512K, 37% used [0x00000000ebd80000,0x00000000ebdb0000,0x00000000ebe00000)
  to   space 512K, 0% used [0x00000000ebd00000,0x00000000ebd00000,0x00000000ebd80000)
 ParOldGen       total 71680K, used 60006K [0x00000000c0000000, 0x00000000c4600000, 0x00000000eab00000)
  object space 71680K, 83% used [0x00000000c0000000,0x00000000c3a99b10,0x00000000c4600000)
 Metaspace       used 70735K, committed 71616K, reserved 1114112K
  class space    used 8231K, committed 8640K, reserved 1048576K
}
Event: 96.558 GC heap after
{Heap after GC invocations=106 (full 7):
 PSYoungGen      total 17408K, used 224K [0x00000000eab00000, 0x00000000ebe00000, 0x0000000100000000)
  eden space 16896K, 0% used [0x00000000eab00000,0x00000000eab00000,0x00000000ebb80000)
  from space 512K, 43% used [0x00000000ebd00000,0x00000000ebd38000,0x00000000ebd80000)
  to   space 512K, 0% used [0x00000000ebd80000,0x00000000ebd80000,0x00000000ebe00000)
 ParOldGen       total 71680K, used 60038K [0x00000000c0000000, 0x00000000c4600000, 0x00000000eab00000)
  object space 71680K, 83% used [0x00000000c0000000,0x00000000c3aa1b10,0x00000000c4600000)
 Metaspace       used 70735K, committed 71616K, reserved 1114112K
  class space    used 8231K, committed 8640K, reserved 1048576K
}
Event: 97.409 GC heap before
{Heap before GC invocations=107 (full 7):
 PSYoungGen      total 17408K, used 17120K [0x00000000eab00000, 0x00000000ebe00000, 0x0000000100000000)
  eden space 16896K, 100% used [0x00000000eab00000,0x00000000ebb80000,0x00000000ebb80000)
  from space 512K, 43% used [0x00000000ebd00000,0x00000000ebd38000,0x00000000ebd80000)
  to   space 512K, 0% used [0x00000000ebd80000,0x00000000ebd80000,0x00000000ebe00000)
 ParOldGen       total 71680K, used 60038K [0x00000000c0000000, 0x00000000c4600000, 0x00000000eab00000)
  object space 71680K, 83% used [0x00000000c0000000,0x00000000c3aa1b10,0x00000000c4600000)
 Metaspace       used 70735K, committed 71616K, reserved 1114112K
  class space    used 8231K, committed 8640K, reserved 1048576K
}
Event: 97.409 GC heap after
{Heap after GC invocations=107 (full 7):
 PSYoungGen      total 17408K, used 224K [0x00000000eab00000, 0x00000000ebe00000, 0x0000000100000000)
  eden space 16896K, 0% used [0x00000000eab00000,0x00000000eab00000,0x00000000ebb80000)
  from space 512K, 43% used [0x00000000ebd80000,0x00000000ebdb8000,0x00000000ebe00000)
  to   space 512K, 0% used [0x00000000ebd00000,0x00000000ebd00000,0x00000000ebd80000)
 ParOldGen       total 71680K, used 60094K [0x00000000c0000000, 0x00000000c4600000, 0x00000000eab00000)
  object space 71680K, 83% used [0x00000000c0000000,0x00000000c3aafb10,0x00000000c4600000)
 Metaspace       used 70735K, committed 71616K, reserved 1114112K
  class space    used 8231K, committed 8640K, reserved 1048576K
}
Event: 98.331 GC heap before
{Heap before GC invocations=108 (full 7):
 PSYoungGen      total 17408K, used 17120K [0x00000000eab00000, 0x00000000ebe00000, 0x0000000100000000)
  eden space 16896K, 100% used [0x00000000eab00000,0x00000000ebb80000,0x00000000ebb80000)
  from space 512K, 43% used [0x00000000ebd80000,0x00000000ebdb8000,0x00000000ebe00000)
  to   space 512K, 0% used [0x00000000ebd00000,0x00000000ebd00000,0x00000000ebd80000)
 ParOldGen       total 71680K, used 60094K [0x00000000c0000000, 0x00000000c4600000, 0x00000000eab00000)
  object space 71680K, 83% used [0x00000000c0000000,0x00000000c3aafb10,0x00000000c4600000)
 Metaspace       used 71192K, committed 72064K, reserved 1114112K
  class space    used 8289K, committed 8704K, reserved 1048576K
}
Event: 98.332 GC heap after
{Heap after GC invocations=108 (full 7):
 PSYoungGen      total 17408K, used 512K [0x00000000eab00000, 0x00000000ebe00000, 0x0000000100000000)
  eden space 16896K, 0% used [0x00000000eab00000,0x00000000eab00000,0x00000000ebb80000)
  from space 512K, 100% used [0x00000000ebd00000,0x00000000ebd80000,0x00000000ebd80000)
  to   space 512K, 0% used [0x00000000ebd80000,0x00000000ebd80000,0x00000000ebe00000)
 ParOldGen       total 71680K, used 60094K [0x00000000c0000000, 0x00000000c4600000, 0x00000000eab00000)
  object space 71680K, 83% used [0x00000000c0000000,0x00000000c3aafb10,0x00000000c4600000)
 Metaspace       used 71192K, committed 72064K, reserved 1114112K
  class space    used 8289K, committed 8704K, reserved 1048576K
}

Deoptimization events (20 events):
Event: 98.581 Thread 0x000001033a57fab0 DEOPT PACKING pc=0x0000010329552acc sp=0x00000002e1cfe2b0
Event: 98.581 Thread 0x000001033a57fab0 DEOPT UNPACKING pc=0x00000103214e5923 sp=0x00000002e1cfe290 mode 2
Event: 98.581 Thread 0x000001033a57fab0 DEOPT PACKING pc=0x0000010322b32dde sp=0x00000002e1cfe0f0
Event: 98.581 Thread 0x000001033a57fab0 DEOPT UNPACKING pc=0x00000103214e6463 sp=0x00000002e1cfd680 mode 0
Event: 98.585 Thread 0x000001033a57fab0 Uncommon trap: trap_request=0xffffff76 fr.pc=0x000001032956d938 relative=0x0000000000001378
Event: 98.585 Thread 0x000001033a57fab0 Uncommon trap: reason=predicate action=maybe_recompile pc=0x000001032956d938 method=java.util.TimSort.reverseRange([Ljava/lang/Object;II)V @ 5 c2
Event: 98.585 Thread 0x000001033a57fab0 DEOPT PACKING pc=0x000001032956d938 sp=0x00000002e1cfe850
Event: 98.585 Thread 0x000001033a57fab0 DEOPT UNPACKING pc=0x00000103214e5923 sp=0x00000002e1cfe6f0 mode 2
Event: 98.586 Thread 0x000001033a57fab0 Uncommon trap: trap_request=0xffffffde fr.pc=0x00000103295f523c relative=0x0000000000002a7c
Event: 98.586 Thread 0x000001033a57fab0 Uncommon trap: reason=class_check action=maybe_recompile pc=0x00000103295f523c method=org.eclipse.core.internal.jobs.JobManager.currentJob()Lorg/eclipse/core/runtime/jobs/Job; @ 5 c2
Event: 98.586 Thread 0x000001033a57fab0 DEOPT PACKING pc=0x00000103295f523c sp=0x00000002e1cfe5b0
Event: 98.586 Thread 0x000001033a57fab0 DEOPT UNPACKING pc=0x00000103214e5923 sp=0x00000002e1cfe528 mode 2
Event: 98.586 Thread 0x000001033a57fab0 Uncommon trap: trap_request=0xffffff45 fr.pc=0x00000103295ead80 relative=0x0000000000000b00
Event: 98.586 Thread 0x000001033a57fab0 Uncommon trap: reason=unstable_if action=reinterpret pc=0x00000103295ead80 method=org.eclipse.core.internal.jobs.JobManager.findBlockingJob(Lorg/eclipse/core/internal/jobs/InternalJob;)Lorg/eclipse/core/internal/jobs/InternalJob; @ 23 c2
Event: 98.586 Thread 0x000001033a57fab0 DEOPT PACKING pc=0x00000103295ead80 sp=0x00000002e1cfe440
Event: 98.586 Thread 0x000001033a57fab0 DEOPT UNPACKING pc=0x00000103214e5923 sp=0x00000002e1cfe3f0 mode 2
Event: 98.614 Thread 0x000001033a57fab0 Uncommon trap: trap_request=0xffffffde fr.pc=0x00000103295f523c relative=0x0000000000002a7c
Event: 98.614 Thread 0x000001033a57fab0 Uncommon trap: reason=class_check action=maybe_recompile pc=0x00000103295f523c method=org.eclipse.core.internal.jobs.JobManager.currentJob()Lorg/eclipse/core/runtime/jobs/Job; @ 5 c2
Event: 98.614 Thread 0x000001033a57fab0 DEOPT PACKING pc=0x00000103295f523c sp=0x00000002e1cfe5b0
Event: 98.614 Thread 0x000001033a57fab0 DEOPT UNPACKING pc=0x00000103214e5923 sp=0x00000002e1cfe528 mode 2

Classes unloaded (7 events):
Event: 8.287 Thread 0x0000010334121c30 Unloading class 0x0000000100216800 'java/lang/invoke/LambdaForm$MH+0x0000000100216800'
Event: 8.287 Thread 0x0000010334121c30 Unloading class 0x0000000100216400 'java/lang/invoke/LambdaForm$MH+0x0000000100216400'
Event: 8.287 Thread 0x0000010334121c30 Unloading class 0x0000000100216000 'java/lang/invoke/LambdaForm$MH+0x0000000100216000'
Event: 8.287 Thread 0x0000010334121c30 Unloading class 0x0000000100215c00 'java/lang/invoke/LambdaForm$MH+0x0000000100215c00'
Event: 8.287 Thread 0x0000010334121c30 Unloading class 0x0000000100215400 'java/lang/invoke/LambdaForm$BMH+0x0000000100215400'
Event: 8.287 Thread 0x0000010334121c30 Unloading class 0x0000000100215000 'java/lang/invoke/LambdaForm$DMH+0x0000000100215000'
Event: 8.287 Thread 0x0000010334121c30 Unloading class 0x0000000100212400 'java/lang/invoke/LambdaForm$DMH+0x0000000100212400'

Classes redefined (0 events):
No events

Internal exceptions (20 events):
Event: 62.753 Thread 0x000001033a579f40 Exception <a 'sun/nio/fs/WindowsException'{0x00000000eb4d41c0}> (0x00000000eb4d41c0) 
thrown [s\src\hotspot\share\prims\jni.cpp, line 516]
Event: 62.778 Thread 0x000001033a579f40 Exception <a 'sun/nio/fs/WindowsException'{0x00000000eb4f1ce0}> (0x00000000eb4f1ce0) 
thrown [s\src\hotspot\share\prims\jni.cpp, line 516]
Event: 62.785 Thread 0x000001033a579f40 Exception <a 'sun/nio/fs/WindowsException'{0x00000000eb5cfcb8}> (0x00000000eb5cfcb8) 
thrown [s\src\hotspot\share\prims\jni.cpp, line 516]
Event: 62.796 Thread 0x000001033a579f40 Exception <a 'sun/nio/fs/WindowsException'{0x00000000eb5e2558}> (0x00000000eb5e2558) 
thrown [s\src\hotspot\share\prims\jni.cpp, line 516]
Event: 62.805 Thread 0x000001033a579f40 Exception <a 'sun/nio/fs/WindowsException'{0x00000000eb5f9048}> (0x00000000eb5f9048) 
thrown [s\src\hotspot\share\prims\jni.cpp, line 516]
Event: 62.817 Thread 0x000001033a579f40 Exception <a 'sun/nio/fs/WindowsException'{0x00000000eb6da3e0}> (0x00000000eb6da3e0) 
thrown [s\src\hotspot\share\prims\jni.cpp, line 516]
Event: 62.822 Thread 0x000001033a579f40 Exception <a 'sun/nio/fs/WindowsException'{0x00000000eb6ec0b0}> (0x00000000eb6ec0b0) 
thrown [s\src\hotspot\share\prims\jni.cpp, line 516]
Event: 62.827 Thread 0x000001033a579f40 Exception <a 'sun/nio/fs/WindowsException'{0x00000000eb6fe938}> (0x00000000eb6fe938) 
thrown [s\src\hotspot\share\prims\jni.cpp, line 516]
Event: 62.832 Thread 0x000001033a579f40 Exception <a 'sun/nio/fs/WindowsException'{0x00000000eb73cea0}> (0x00000000eb73cea0) 
thrown [s\src\hotspot\share\prims\jni.cpp, line 516]
Event: 62.836 Thread 0x000001033a579f40 Exception <a 'sun/nio/fs/WindowsException'{0x00000000eb74fe30}> (0x00000000eb74fe30) 
thrown [s\src\hotspot\share\prims\jni.cpp, line 516]
Event: 62.845 Thread 0x000001033a579f40 Exception <a 'sun/nio/fs/WindowsException'{0x00000000eb767940}> (0x00000000eb767940) 
thrown [s\src\hotspot\share\prims\jni.cpp, line 516]
Event: 83.186 Thread 0x0000010336837b30 Exception <a 'java/lang/NoSuchMethodError'{0x00000000eb7c40d0}: 'java.lang.Object java.lang.invoke.DirectMethodHandle$Holder.invokeStatic(java.lang.Object, java.lang.Object, java.lang.Object, long)'> (0x00000000eb7c40d0) 
thrown [s\src\hotspot\share\interpreter\linkResolver.cpp, line 759]
Event: 83.187 Thread 0x0000010336837b30 Exception <a 'java/lang/NoSuchMethodError'{0x00000000eb7cd5e8}: 'java.lang.Object java.lang.invoke.DirectMethodHandle$Holder.newInvokeSpecial(java.lang.Object, java.lang.Object, java.lang.Object, long)'> (0x00000000eb7cd5e8) 
thrown [s\src\hotspot\share\interpreter\linkResolver.cpp, line 759]
Event: 83.188 Thread 0x0000010336837b30 Exception <a 'java/lang/NoSuchMethodError'{0x00000000eb7d2468}: 'java.lang.Object java.lang.invoke.DirectMethodHandle$Holder.invokeSpecial(java.lang.Object, java.lang.Object, java.lang.Object, java.lang.Object, long)'> (0x00000000eb7d2468) 
thrown [s\src\hotspot\share\interpreter\linkResolver.cpp, line 759]
Event: 83.188 Thread 0x0000010336837b30 Exception <a 'java/lang/NoSuchMethodError'{0x00000000eb7d7158}: 'java.lang.Object java.lang.invoke.Invokers$Holder.linkToTargetMethod(java.lang.Object, java.lang.Object, long, java.lang.Object)'> (0x00000000eb7d7158) 
thrown [s\src\hotspot\share\interpreter\linkResolver.cpp, line 759]
Event: 98.387 Thread 0x0000010335325490 Exception <a 'java/io/FileNotFoundException'{0x00000000eadc5400}> (0x00000000eadc5400) 
thrown [s\src\hotspot\share\prims\jni.cpp, line 516]
Event: 98.553 Thread 0x0000010335325490 Implicit null exception at 0x00000103291e4a16 to 0x00000103291e5159
Event: 98.558 Thread 0x0000010335325490 Exception <a 'java/io/FileNotFoundException'{0x00000000eb6e78f8}> (0x00000000eb6e78f8) 
thrown [s\src\hotspot\share\prims\jni.cpp, line 516]
Event: 98.572 Thread 0x000001033a57c0f0 Implicit null exception at 0x00000103290e244b to 0x00000103290e3148
Event: 98.611 Thread 0x000001033a57fab0 Exception <a 'sun/nio/fs/WindowsException'{0x00000000eb931af0}> (0x00000000eb931af0) 
thrown [s\src\hotspot\share\prims\jni.cpp, line 516]

VM Operations (20 events):
Event: 98.298 Executing VM operation: HandshakeAllThreads
Event: 98.298 Executing VM operation: HandshakeAllThreads done
Event: 98.301 Executing VM operation: HandshakeAllThreads
Event: 98.302 Executing VM operation: HandshakeAllThreads done
Event: 98.304 Executing VM operation: HandshakeAllThreads
Event: 98.304 Executing VM operation: HandshakeAllThreads done
Event: 98.304 Executing VM operation: HandshakeAllThreads
Event: 98.304 Executing VM operation: HandshakeAllThreads done
Event: 98.308 Executing VM operation: HandshakeAllThreads
Event: 98.308 Executing VM operation: HandshakeAllThreads done
Event: 98.331 Executing VM operation: ParallelGCFailedAllocation
Event: 98.332 Executing VM operation: ParallelGCFailedAllocation done
Event: 98.340 Executing VM operation: HandshakeAllThreads
Event: 98.340 Executing VM operation: HandshakeAllThreads done
Event: 98.340 Executing VM operation: HandshakeAllThreads
Event: 98.340 Executing VM operation: HandshakeAllThreads done
Event: 98.361 Executing VM operation: HandshakeAllThreads
Event: 98.361 Executing VM operation: HandshakeAllThreads done
Event: 98.574 Executing VM operation: HandshakeAllThreads
Event: 98.577 Executing VM operation: HandshakeAllThreads done

Events (20 events):
Event: 98.512 loading class java/util/Collections$SynchronizedList done
Event: 98.512 loading class java/util/Collections$SynchronizedRandomAccessList done
Event: 98.516 loading class java/util/concurrent/CompletableFuture$Signaller
Event: 98.516 loading class java/util/concurrent/CompletableFuture$Signaller done
Event: 98.538 loading class java/util/Hashtable$KeySet
Event: 98.538 loading class java/util/Hashtable$KeySet done
Event: 98.547 loading class java/util/concurrent/CompletableFuture$UniAccept
Event: 98.547 loading class java/util/concurrent/CompletableFuture$UniAccept done
Event: 98.547 loading class java/util/concurrent/CompletableFuture$UniExceptionally
Event: 98.547 loading class java/util/concurrent/CompletableFuture$UniExceptionally done
Event: 98.550 Thread 0x000001033a57c0f0 Thread added: 0x000001033a57c0f0
Event: 98.566 loading class java/util/stream/DistinctOps
Event: 98.567 loading class java/util/stream/DistinctOps done
Event: 98.567 loading class java/util/stream/DistinctOps$1
Event: 98.567 loading class java/util/stream/DistinctOps$1 done
Event: 98.567 loading class java/util/stream/DistinctOps$1$2
Event: 98.568 loading class java/util/stream/DistinctOps$1$2 done
Event: 98.570 Thread 0x000001033a57fab0 Thread added: 0x000001033a57fab0
Event: 98.620 loading class java/util/concurrent/CompletionException
Event: 98.620 loading class java/util/concurrent/CompletionException done


Dynamic libraries:
0x00007ff7c1b20000 - 0x00007ff7c1b2e000 	c:\Users\manik\.vscode\extensions\redhat.java-1.12.0-win32-x64\jre\17.0.4.1-win32-x86_64\bin\java.exe
0x00007ff9035e0000 - 0x00007ff9037e9000 	C:\WINDOWS\SYSTEM32\ntdll.dll
0x00007ff901a80000 - 0x00007ff901b3d000 	C:\WINDOWS\System32\KERNEL32.DLL
0x00007ff900dc0000 - 0x00007ff90113b000 	C:\WINDOWS\System32\KERNELBASE.dll
0x00007ff8fd5f0000 - 0x00007ff8fd682000 	C:\WINDOWS\SYSTEM32\apphelp.dll
0x00007ff900c20000 - 0x00007ff900d31000 	C:\WINDOWS\System32\ucrtbase.dll
0x00007ff8f1f90000 - 0x00007ff8f1fa8000 	c:\Users\manik\.vscode\extensions\redhat.java-1.12.0-win32-x64\jre\17.0.4.1-win32-x86_64\bin\jli.dll
0x00007ff8eedc0000 - 0x00007ff8eedd9000 	c:\Users\manik\.vscode\extensions\redhat.java-1.12.0-win32-x64\jre\17.0.4.1-win32-x86_64\bin\VCRUNTIME140.dll
0x00007ff902300000 - 0x00007ff9024ad000 	C:\WINDOWS\System32\USER32.dll
0x00007ff8e9470000 - 0x00007ff8e9715000 	C:\WINDOWS\WinSxS\amd64_microsoft.windows.common-controls_6595b64144ccf1df_6.0.22000.120_none_9d947278b86cc467\COMCTL32.dll
0x00007ff901460000 - 0x00007ff901503000 	C:\WINDOWS\System32\msvcrt.dll
0x00007ff903560000 - 0x00007ff903589000 	C:\WINDOWS\System32\GDI32.dll
0x00007ff901390000 - 0x00007ff9013b6000 	C:\WINDOWS\System32\win32u.dll
0x00007ff901270000 - 0x00007ff901388000 	C:\WINDOWS\System32\gdi32full.dll
0x00007ff9013c0000 - 0x00007ff90145d000 	C:\WINDOWS\System32\msvcp_win.dll
0x00007ff902c00000 - 0x00007ff902c31000 	C:\WINDOWS\System32\IMM32.DLL
0x00007ff8fa3e0000 - 0x00007ff8fa3ec000 	c:\Users\manik\.vscode\extensions\redhat.java-1.12.0-win32-x64\jre\17.0.4.1-win32-x86_64\bin\vcruntime140_1.dll
0x00007ff8bfc80000 - 0x00007ff8bfd11000 	c:\Users\manik\.vscode\extensions\redhat.java-1.12.0-win32-x64\jre\17.0.4.1-win32-x86_64\bin\msvcp140.dll
0x00007ff8bcfe0000 - 0x00007ff8bdc26000 	c:\Users\manik\.vscode\extensions\redhat.java-1.12.0-win32-x64\jre\17.0.4.1-win32-x86_64\bin\server\jvm.dll
0x00007ff901970000 - 0x00007ff901a1e000 	C:\WINDOWS\System32\ADVAPI32.dll
0x00007ff9034c0000 - 0x00007ff90355e000 	C:\WINDOWS\System32\sechost.dll
0x00007ff901620000 - 0x00007ff901740000 	C:\WINDOWS\System32\RPCRT4.dll
0x00007ff903590000 - 0x00007ff903598000 	C:\WINDOWS\System32\PSAPI.DLL
0x00007ff8fe660000 - 0x00007ff8fe669000 	C:\WINDOWS\SYSTEM32\WSOCK32.dll
0x00007ff901510000 - 0x00007ff90157f000 	C:\WINDOWS\System32\WS2_32.dll
0x00007ff8fe540000 - 0x00007ff8fe573000 	C:\WINDOWS\SYSTEM32\WINMM.dll
0x00007ff8ef2e0000 - 0x00007ff8ef2ea000 	C:\WINDOWS\SYSTEM32\VERSION.dll
0x00007ff8ffbb0000 - 0x00007ff8ffbc8000 	C:\WINDOWS\SYSTEM32\kernel.appcore.dll
0x00007ff8f6960000 - 0x00007ff8f696a000 	c:\Users\manik\.vscode\extensions\redhat.java-1.12.0-win32-x64\jre\17.0.4.1-win32-x86_64\bin\jimage.dll
0x00007ff8fe2f0000 - 0x00007ff8fe511000 	C:\WINDOWS\SYSTEM32\DBGHELP.DLL
0x00007ff8fe2b0000 - 0x00007ff8fe2e1000 	C:\WINDOWS\SYSTEM32\dbgcore.DLL
0x00007ff900d40000 - 0x00007ff900dbf000 	C:\WINDOWS\System32\bcryptPrimitives.dll
0x00007ff8f6880000 - 0x00007ff8f688e000 	c:\Users\manik\.vscode\extensions\redhat.java-1.12.0-win32-x64\jre\17.0.4.1-win32-x86_64\bin\instrument.dll
0x00007ff8eed30000 - 0x00007ff8eed55000 	c:\Users\manik\.vscode\extensions\redhat.java-1.12.0-win32-x64\jre\17.0.4.1-win32-x86_64\bin\java.dll
0x00007ff8eeda0000 - 0x00007ff8eedb8000 	c:\Users\manik\.vscode\extensions\redhat.java-1.12.0-win32-x64\jre\17.0.4.1-win32-x86_64\bin\zip.dll
0x00007ff901b40000 - 0x00007ff9022f8000 	C:\WINDOWS\System32\SHELL32.dll
0x00007ff8feba0000 - 0x00007ff8ff405000 	C:\WINDOWS\SYSTEM32\windows.storage.dll
0x00007ff902510000 - 0x00007ff902887000 	C:\WINDOWS\System32\combase.dll
0x00007ff8fea30000 - 0x00007ff8feb96000 	C:\WINDOWS\SYSTEM32\wintypes.dll
0x00007ff901880000 - 0x00007ff90196a000 	C:\WINDOWS\System32\SHCORE.dll
0x00007ff901a20000 - 0x00007ff901a7d000 	C:\WINDOWS\System32\shlwapi.dll
0x00007ff9009e0000 - 0x00007ff900a01000 	C:\WINDOWS\SYSTEM32\profapi.dll
0x00007ff8ecb00000 - 0x00007ff8ecb19000 	C:\Users\manik\.vscode\extensions\redhat.java-1.12.0-win32-x64\jre\17.0.4.1-win32-x86_64\bin\net.dll
0x00007ff8fb680000 - 0x00007ff8fb78c000 	C:\WINDOWS\SYSTEM32\WINHTTP.dll
0x00007ff9000c0000 - 0x00007ff900127000 	C:\WINDOWS\system32\mswsock.dll
0x00007ff8ecae0000 - 0x00007ff8ecaf5000 	C:\Users\manik\.vscode\extensions\redhat.java-1.12.0-win32-x64\jre\17.0.4.1-win32-x86_64\bin\nio.dll
0x00007ff8f55c0000 - 0x00007ff8f55d0000 	c:\Users\manik\.vscode\extensions\redhat.java-1.12.0-win32-x64\jre\17.0.4.1-win32-x86_64\bin\verify.dll
0x00007ff8ef090000 - 0x00007ff8ef0ce000 	C:\Users\manik\AppData\Roaming\Code\User\globalStorage\redhat.java\1.12.0\config_win\org.eclipse.equinox.launcher\org.eclipse.equinox.launcher.win32.win32.x86_64_1.2.600.v20220720-1916\eclipse_11700.dll
0x00007ff902930000 - 0x00007ff902aca000 	C:\WINDOWS\System32\ole32.dll
0x00007ff900300000 - 0x00007ff900318000 	C:\WINDOWS\SYSTEM32\CRYPTSP.dll
0x00007ff8ffb00000 - 0x00007ff8ffb35000 	C:\WINDOWS\system32\rsaenh.dll
0x00007ff9001b0000 - 0x00007ff9001d9000 	C:\WINDOWS\SYSTEM32\USERENV.dll
0x00007ff900490000 - 0x00007ff9004b7000 	C:\WINDOWS\SYSTEM32\bcrypt.dll
0x00007ff900320000 - 0x00007ff90032c000 	C:\WINDOWS\SYSTEM32\CRYPTBASE.dll
0x00007ff8ff6d0000 - 0x00007ff8ff6fd000 	C:\WINDOWS\SYSTEM32\IPHLPAPI.DLL
0x00007ff902920000 - 0x00007ff902929000 	C:\WINDOWS\System32\NSI.dll
0x00007ff8f67c0000 - 0x00007ff8f67d9000 	C:\WINDOWS\SYSTEM32\dhcpcsvc6.DLL
0x00007ff8fa390000 - 0x00007ff8fa3ae000 	C:\WINDOWS\SYSTEM32\dhcpcsvc.DLL
0x00007ff8ff700000 - 0x00007ff8ff7e8000 	C:\WINDOWS\SYSTEM32\DNSAPI.dll
0x00007ff8eedf0000 - 0x00007ff8eee30000 	C:\Users\manik\AppData\Local\Temp\jna-103662588\jna15804098025871424873.dll
0x00007ff8f55f0000 - 0x00007ff8f5617000 	C:\Users\manik\.gradle\native\e1d6ef7f7dcc3fd88c89a11ec53ec762bb8ba0a96d01ffa2cd45eb1d1d8dd5c5\windows-amd64\native-platform.dll
0x00007ff8fe880000 - 0x00007ff8fe889000 	C:\Users\manik\.vscode\extensions\redhat.java-1.12.0-win32-x64\jre\17.0.4.1-win32-x86_64\bin\management.dll
0x00007ff8fd300000 - 0x00007ff8fd30b000 	C:\Users\manik\.vscode\extensions\redhat.java-1.12.0-win32-x64\jre\17.0.4.1-win32-x86_64\bin\management_ext.dll
0x00007ff8fa400000 - 0x00007ff8fa40e000 	C:\Users\manik\.vscode\extensions\redhat.java-1.12.0-win32-x64\jre\17.0.4.1-win32-x86_64\bin\sunmscapi.dll
0x00007ff900ab0000 - 0x00007ff900c12000 	C:\WINDOWS\System32\CRYPT32.dll
0x00007ff900460000 - 0x00007ff900488000 	C:\WINDOWS\SYSTEM32\ncrypt.dll
0x00007ff900420000 - 0x00007ff900457000 	C:\WINDOWS\SYSTEM32\NTASN1.dll
0x00007ff8fa3f0000 - 0x00007ff8fa3f8000 	C:\WINDOWS\system32\wshunix.dll

dbghelp: loaded successfully - version: 4.0.5 - missing functions: none
symbol engine: initialized successfully - sym options: 0x614 - pdb path: .;c:\Users\manik\.vscode\extensions\redhat.java-1.12.0-win32-x64\jre\17.0.4.1-win32-x86_64\bin;C:\WINDOWS\SYSTEM32;C:\WINDOWS\WinSxS\amd64_microsoft.windows.common-controls_6595b64144ccf1df_6.0.22000.120_none_9d947278b86cc467;c:\Users\manik\.vscode\extensions\redhat.java-1.12.0-win32-x64\jre\17.0.4.1-win32-x86_64\bin\server;C:\Users\manik\AppData\Roaming\Code\User\globalStorage\redhat.java\1.12.0\config_win\org.eclipse.equinox.launcher\org.eclipse.equinox.launcher.win32.win32.x86_64_1.2.600.v20220720-1916;C:\Users\manik\AppData\Local\Temp\jna-103662588;C:\Users\manik\.gradle\native\e1d6ef7f7dcc3fd88c89a11ec53ec762bb8ba0a96d01ffa2cd45eb1d1d8dd5c5\windows-amd64

VM Arguments:
jvm_args: --add-modules=ALL-SYSTEM --add-opens=java.base/java.util=ALL-UNNAMED --add-opens=java.base/java.lang=ALL-UNNAMED --add-opens=java.base/sun.nio.fs=ALL-UNNAMED -Declipse.application=org.eclipse.jdt.ls.core.id1 -Dosgi.bundles.defaultStartLevel=4 -Declipse.product=org.eclipse.jdt.ls.core.product -Djava.import.generatesMetadataFilesAtProjectRoot=false -Dfile.encoding=utf8 -XX:+UseParallelGC -XX:GCTimeRatio=4 -XX:AdaptiveSizePolicyWeight=90 -Dsun.zip.disableMemoryMapping=true -Xmx1G -Xms100m -Xlog:disable -javaagent:c:\Users\manik\.vscode\extensions\redhat.java-1.12.0-win32-x64\lombok\lombok-1.18.24.jar -XX:+HeapDumpOnOutOfMemoryError -XX:HeapDumpPath=c:\Users\manik\AppData\Roaming\Code\User\workspaceStorage\38c00034415d8ae6d4adb8292de9d2bb\redhat.java 
java_command: c:\Users\manik\.vscode\extensions\redhat.java-1.12.0-win32-x64\server\plugins\org.eclipse.equinox.launcher_1.6.400.v20210924-0641.jar -configuration c:\Users\manik\AppData\Roaming\Code\User\globalStorage\redhat.java\1.12.0\config_win -data c:\Users\manik\AppData\Roaming\Code\User\workspaceStorage\38c00034415d8ae6d4adb8292de9d2bb\redhat.java\jdt_ws
java_class_path (initial): c:\Users\manik\.vscode\extensions\redhat.java-1.12.0-win32-x64\server\plugins\org.eclipse.equinox.launcher_1.6.400.v20210924-0641.jar
Launcher Type: SUN_STANDARD

[Global flags]
    uintx AdaptiveSizePolicyWeight                 = 90                                        {product} {command line}
     intx CICompilerCount                          = 4                                         {product} {ergonomic}
    uintx GCTimeRatio                              = 4                                         {product} {command line}
     bool HeapDumpOnOutOfMemoryError               = true                                   {manageable} {command line}
    ccstr HeapDumpPath                             = c:\Users\manik\AppData\Roaming\Code\User\workspaceStorage\38c00034415d8ae6d4adb8292de9d2bb\redhat.java         {manageable} {command line}
   size_t InitialHeapSize                          = 104857600                                 {product} {command line}
   size_t MaxHeapSize                              = 1073741824                                {product} {command line}
   size_t MaxNewSize                               = 357564416                                 {product} {ergonomic}
   size_t MinHeapDeltaBytes                        = 524288                                    {product} {ergonomic}
   size_t MinHeapSize                              = 104857600                                 {product} {command line}
   size_t NewSize                                  = 34603008                                  {product} {ergonomic}
    uintx NonNMethodCodeHeapSize                   = 5839372                                {pd product} {ergonomic}
    uintx NonProfiledCodeHeapSize                  = 122909434                              {pd product} {ergonomic}
   size_t OldSize                                  = 70254592                                  {product} {ergonomic}
    uintx ProfiledCodeHeapSize                     = 122909434                              {pd product} {ergonomic}
    uintx ReservedCodeCacheSize                    = 251658240                              {pd product} {ergonomic}
     bool SegmentedCodeCache                       = true                                      {product} {ergonomic}
   size_t SoftMaxHeapSize                          = 1073741824                             {manageable} {ergonomic}
     bool UseCompressedClassPointers               = true                           {product lp64_product} {ergonomic}
     bool UseCompressedOops                        = true                           {product lp64_product} {ergonomic}
     bool UseLargePagesIndividualAllocation        = false                                  {pd product} {ergonomic}
     bool UseParallelGC                            = true                                      {product} {command line}

Logging:
Log output configuration:
 #0: stdout all=off uptime,level,tags
 #1: stderr all=off uptime,level,tags

Environment Variables:
JAVA_HOME=C:\Program Files\OpenJDK\openjdk-11.0.14.1_1
PATH=C:\WINDOWS\system32;C:\WINDOWS;C:\WINDOWS\System32\Wbem;C:\WINDOWS\System32\WindowsPowerShell\v1.0\;C:\WINDOWS\System32\OpenSSH\;C:\Program Files\Git\cmd;C:\Users\manik\AppData\Local\Programs\Python\Python39;C:\ProgramData\chocolatey\bin;C:\Program Files\nodejs\;C:\Program Files\OpenJDK\openjdk-11.0.14.1_1\bin;C:\Program Files\MySQL\MySQL Shell 8.0\bin\;C:\Users\manik\AppData\Local\Microsoft\WindowsApps;C:\Users\manik\AppData\Local\Programs\Microsoft VS Code\bin;C:\Users\manik\AppData\Local\Programs\Python\Python39\Scripts;C:\Program Files\heroku\bin;C:\Users\manik\Documents\FlutterDev\flutter\bin;C:\Users\manik\AppData\Roaming\npm;C:\Users\manik\AppData\Local\Android\Sdk\platform-tools;
USERNAME=manik
OS=Windows_NT
PROCESSOR_IDENTIFIER=Intel64 Family 6 Model 140 Stepping 1, GenuineIntel
TMP=C:\Users\manik\AppData\Local\Temp
TEMP=C:\Users\manik\AppData\Local\Temp



---------------  S Y S T E M  ---------------

OS:
 Windows 11 , 64 bit Build 22000 (10.0.22000.708)
OS uptime: 7 days 12:03 hours

CPU: total 8 (initial active 8) (4 cores per cpu, 2 threads per core) family 6 model 140 stepping 1 microcode 0x78, cx8, cmov, fxsr, ht, mmx, 3dnowpref, sse, sse2, sse3, ssse3, sse4.1, sse4.2, popcnt, lzcnt, tsc, tscinvbit, avx, avx2, aes, erms, clmul, bmi1, bmi2, adx, avx512f, avx512dq, avx512cd, avx512bw, avx512vl, sha, fma, vzeroupper, avx512_vpopcntdq, avx512_vpclmulqdq, avx512_vaes, avx512_vnni, clflush, clflushopt, clwb, avx512_vbmi2, avx512_vbmi

Memory: 4k page, system-wide physical 16167M (3010M free)
TotalPageFile size 34917M (AvailPageFile size 30M)
current process WorkingSet (physical memory assigned to process): 310M, peak: 346M
current process commit charge ("private bytes"): 354M, peak: 997M

vm_info: OpenJDK 64-Bit Server VM (17.0.4.1+1) for windows-amd64 JRE (17.0.4.1+1), built on Aug 17 2022 07:42:43 by "temurin" with MS VC++ 16.7 (VS2019)

END.
